<?xml version="1.0" encoding="UTF-8"?>
<coverage generated="1667213542480" clover="3.2.0">
  <project timestamp="1667213542480" name="All files">
    <metrics statements="141" coveredstatements="80" conditionals="58" coveredconditionals="32" methods="73" coveredmethods="36" elements="272" coveredelements="148" complexity="0" loc="141" ncloc="141" packages="3" files="12" classes="12"/>
    <package name="src">
      <metrics statements="3" coveredstatements="2" conditionals="4" coveredconditionals="2" methods="2" coveredmethods="1"/>
      <file name="App.tsx" path="C:\Users\wangj\Desktop\CISC275\quizzer_start\src\App.tsx">
        <metrics statements="3" coveredstatements="2" conditionals="4" coveredconditionals="2" methods="2" coveredmethods="1"/>
        <line num="8" count="1" type="stmt"/>
        <line num="10" count="1" type="stmt"/>
        <line num="16" count="0" type="stmt"/>
      </file>
    </package>
    <package name="src.interfaces">
      <metrics statements="0" coveredstatements="0" conditionals="0" coveredconditionals="0" methods="0" coveredmethods="0"/>
      <file name="question.ts" path="C:\Users\wangj\Desktop\CISC275\quizzer_start\src\interfaces\question.ts">
        <metrics statements="0" coveredstatements="0" conditionals="0" coveredconditionals="0" methods="0" coveredmethods="0"/>
      </file>
      <file name="quiz.ts" path="C:\Users\wangj\Desktop\CISC275\quizzer_start\src\interfaces\quiz.ts">
        <metrics statements="0" coveredstatements="0" conditionals="0" coveredconditionals="0" methods="0" coveredmethods="0"/>
      </file>
    </package>
    <package name="src.quizzer">
      <metrics statements="138" coveredstatements="78" conditionals="54" coveredconditionals="30" methods="71" coveredmethods="35"/>
      <file name="AddQuizModal.tsx" path="C:\Users\wangj\Desktop\CISC275\quizzer_start\src\quizzer\AddQuizModal.tsx">
        <metrics statements="14" coveredstatements="9" conditionals="0" coveredconditionals="0" methods="5" coveredmethods="2"/>
        <line num="9" count="2" type="stmt"/>
        <line num="18" count="26" type="stmt"/>
        <line num="20" count="26" type="stmt"/>
        <line num="22" count="26" type="stmt"/>
        <line num="23" count="1" type="stmt"/>
        <line num="24" count="1" type="stmt"/>
        <line num="25" count="1" type="stmt"/>
        <line num="26" count="1" type="stmt"/>
        <line num="30" count="26" type="stmt"/>
        <line num="43" count="0" type="stmt"/>
        <line num="52" count="0" type="stmt"/>
        <line num="60" count="0" type="stmt"/>
        <line num="61" count="0" type="stmt"/>
        <line num="62" count="0" type="stmt"/>
      </file>
      <file name="QuestionEdit.tsx" path="C:\Users\wangj\Desktop\CISC275\quizzer_start\src\quizzer\QuestionEdit.tsx">
        <metrics statements="30" coveredstatements="1" conditionals="12" coveredconditionals="0" methods="15" coveredmethods="0"/>
        <line num="18" count="2" type="stmt"/>
        <line num="33" count="0" type="stmt"/>
        <line num="34" count="0" type="stmt"/>
        <line num="37" count="0" type="stmt"/>
        <line num="38" count="0" type="stmt"/>
        <line num="40" count="0" type="cond" truecount="0" falsecount="2"/>
        <line num="41" count="0" type="stmt"/>
        <line num="49" count="0" type="stmt"/>
        <line num="50" count="0" type="stmt"/>
        <line num="51" count="0" type="stmt"/>
        <line num="60" count="0" type="stmt"/>
        <line num="61" count="0" type="stmt"/>
        <line num="62" count="0" type="stmt"/>
        <line num="65" count="0" type="stmt"/>
        <line num="69" count="0" type="stmt"/>
        <line num="70" count="0" type="stmt"/>
        <line num="71" count="0" type="stmt"/>
        <line num="78" count="0" type="stmt"/>
        <line num="79" count="0" type="stmt"/>
        <line num="80" count="0" type="stmt"/>
        <line num="81" count="0" type="stmt"/>
        <line num="88" count="0" type="stmt"/>
        <line num="105" count="0" type="stmt"/>
        <line num="178" count="0" type="stmt"/>
        <line num="191" count="0" type="stmt"/>
        <line num="212" count="0" type="stmt"/>
        <line num="230" count="0" type="stmt"/>
        <line num="239" count="0" type="stmt"/>
        <line num="255" count="0" type="stmt"/>
        <line num="264" count="0" type="stmt"/>
      </file>
      <file name="QuizCard.tsx" path="C:\Users\wangj\Desktop\CISC275\quizzer_start\src\quizzer\QuizCard.tsx">
        <metrics statements="5" coveredstatements="5" conditionals="5" coveredconditionals="4" methods="3" coveredmethods="3"/>
        <line num="10" count="2" type="stmt"/>
        <line num="17" count="86" type="stmt"/>
        <line num="19" count="340" type="cond" truecount="3" falsecount="0"/>
        <line num="22" count="86" type="stmt"/>
        <line num="28" count="10" type="stmt"/>
      </file>
      <file name="QuizEdit.tsx" path="C:\Users\wangj\Desktop\CISC275\quizzer_start\src\quizzer\QuizEdit.tsx">
        <metrics statements="25" coveredstatements="1" conditionals="6" coveredconditionals="0" methods="15" coveredmethods="0"/>
        <line num="11" count="2" type="stmt"/>
        <line num="24" count="0" type="stmt"/>
        <line num="26" count="0" type="stmt"/>
        <line num="27" count="0" type="stmt"/>
        <line num="30" count="0" type="cond" truecount="0" falsecount="2"/>
        <line num="36" count="0" type="stmt"/>
        <line num="37" count="0" type="stmt"/>
        <line num="39" count="0" type="stmt"/>
        <line num="44" count="0" type="stmt"/>
        <line num="45" count="0" type="stmt"/>
        <line num="49" count="0" type="stmt"/>
        <line num="50" count="0" type="stmt"/>
        <line num="54" count="0" type="cond" truecount="0" falsecount="2"/>
        <line num="55" count="0" type="cond" truecount="0" falsecount="2"/>
        <line num="56" count="0" type="stmt"/>
        <line num="63" count="0" type="stmt"/>
        <line num="75" count="0" type="stmt"/>
        <line num="92" count="0" type="stmt"/>
        <line num="105" count="0" type="stmt"/>
        <line num="113" count="0" type="stmt"/>
        <line num="129" count="0" type="stmt"/>
        <line num="155" count="0" type="stmt"/>
        <line num="156" count="0" type="stmt"/>
        <line num="168" count="0" type="stmt"/>
        <line num="169" count="0" type="stmt"/>
      </file>
      <file name="QuizExpanded.tsx" path="C:\Users\wangj\Desktop\CISC275\quizzer_start\src\quizzer\QuizExpanded.tsx">
        <metrics statements="25" coveredstatements="25" conditionals="7" coveredconditionals="6" methods="12" coveredmethods="12"/>
        <line num="10" count="2" type="stmt"/>
        <line num="16" count="21" type="stmt"/>
        <line num="18" count="84" type="cond" truecount="3" falsecount="0"/>
        <line num="21" count="21" type="stmt"/>
        <line num="22" count="21" type="stmt"/>
        <line num="26" count="21" type="stmt"/>
        <line num="27" count="2" type="stmt"/>
        <line num="28" count="2" type="stmt"/>
        <line num="29" count="2" type="stmt"/>
        <line num="33" count="21" type="stmt"/>
        <line num="34" count="42" type="stmt"/>
        <line num="38" count="21" type="stmt"/>
        <line num="39" count="2" type="stmt"/>
        <line num="42" count="21" type="stmt"/>
        <line num="43" count="7" type="stmt"/>
        <line num="44" count="7" type="stmt"/>
        <line num="47" count="28" type="stmt"/>
        <line num="51" count="7" type="stmt"/>
        <line num="55" count="21" type="stmt"/>
        <line num="56" count="2" type="stmt"/>
        <line num="59" count="8" type="cond" truecount="2" falsecount="0"/>
        <line num="65" count="21" type="stmt"/>
        <line num="80" count="6" type="stmt"/>
        <line num="81" count="6" type="stmt"/>
        <line num="97" count="42" type="stmt"/>
      </file>
      <file name="QuizList.tsx" path="C:\Users\wangj\Desktop\CISC275\quizzer_start\src\quizzer\QuizList.tsx">
        <metrics statements="10" coveredstatements="9" conditionals="4" coveredconditionals="4" methods="5" coveredmethods="4"/>
        <line num="9" count="2" type="stmt"/>
        <line num="20" count="36" type="stmt"/>
        <line num="22" count="36" type="stmt"/>
        <line num="23" count="10" type="stmt"/>
        <line num="26" count="36" type="stmt"/>
        <line num="27" count="0" type="stmt"/>
        <line num="30" count="36" type="stmt"/>
        <line num="35" count="86" type="stmt"/>
        <line num="47" count="181" type="cond" truecount="2" falsecount="0"/>
        <line num="48" count="19" type="stmt"/>
      </file>
      <file name="QuizQuestion.tsx" path="C:\Users\wangj\Desktop\CISC275\quizzer_start\src\quizzer\QuizQuestion.tsx">
        <metrics statements="10" coveredstatements="10" conditionals="14" coveredconditionals="11" methods="4" coveredmethods="4"/>
        <line num="9" count="2" type="stmt"/>
        <line num="24" count="42" type="stmt"/>
        <line num="25" count="2" type="cond" truecount="1" falsecount="1"/>
        <line num="26" count="2" type="stmt"/>
        <line num="30" count="42" type="stmt"/>
        <line num="31" count="2" type="stmt"/>
        <line num="32" count="2" type="cond" truecount="1" falsecount="1"/>
        <line num="33" count="2" type="stmt"/>
        <line num="38" count="42" type="stmt"/>
        <line num="64" count="63" type="stmt"/>
      </file>
      <file name="QuizView.tsx" path="C:\Users\wangj\Desktop\CISC275\quizzer_start\src\quizzer\QuizView.tsx">
        <metrics statements="5" coveredstatements="5" conditionals="4" coveredconditionals="3" methods="2" coveredmethods="2"/>
        <line num="14" count="2" type="stmt"/>
        <line num="25" count="19" type="stmt"/>
        <line num="27" count="19" type="stmt"/>
        <line num="28" count="6" type="stmt"/>
        <line num="33" count="19" type="stmt"/>
      </file>
      <file name="Quizzer.tsx" path="C:\Users\wangj\Desktop\CISC275\quizzer_start\src\quizzer\Quizzer.tsx">
        <metrics statements="14" coveredstatements="13" conditionals="2" coveredconditionals="2" methods="10" coveredmethods="8"/>
        <line num="9" count="2" type="stmt"/>
        <line num="10" count="10" type="stmt"/>
        <line num="13" count="40" type="stmt"/>
        <line num="22" count="2" type="stmt"/>
        <line num="23" count="26" type="stmt"/>
        <line num="24" count="26" type="stmt"/>
        <line num="27" count="9" type="stmt"/>
        <line num="28" count="45" type="cond" truecount="2" falsecount="0"/>
        <line num="41" count="1" type="stmt"/>
        <line num="48" count="1" type="stmt"/>
        <line num="52" count="0" type="stmt"/>
        <line num="55" count="26" type="stmt"/>
        <line num="56" count="26" type="stmt"/>
        <line num="58" count="26" type="stmt"/>
      </file>
    </package>
  </project>
</coverage>
