<?xml version="1.0" encoding="UTF-8"?>
<coverage generated="1666925391009" clover="3.2.0">
  <project timestamp="1666925391009" name="All files">
    <metrics statements="141" coveredstatements="76" conditionals="56" coveredconditionals="27" methods="73" coveredmethods="33" elements="270" coveredelements="136" complexity="0" loc="141" ncloc="141" packages="3" files="12" classes="12"/>
    <package name="src">
      <metrics statements="3" coveredstatements="0" conditionals="4" coveredconditionals="0" methods="2" coveredmethods="0"/>
      <file name="App.tsx" path="C:\Users\wangj\Desktop\CISC275\quizzer_start\src\App.tsx">
        <metrics statements="3" coveredstatements="0" conditionals="4" coveredconditionals="0" methods="2" coveredmethods="0"/>
        <line num="8" count="0" type="stmt"/>
        <line num="10" count="0" type="stmt"/>
        <line num="16" count="0" type="stmt"/>
      </file>
    </package>
    <package name="src.interfaces">
      <metrics statements="0" coveredstatements="0" conditionals="0" coveredconditionals="0" methods="0" coveredmethods="0"/>
      <file name="question.ts" path="C:\Users\wangj\Desktop\CISC275\quizzer_start\src\interfaces\question.ts">
        <metrics statements="0" coveredstatements="0" conditionals="0" coveredconditionals="0" methods="0" coveredmethods="0"/>
      </file>
      <file name="quiz.ts" path="C:\Users\wangj\Desktop\CISC275\quizzer_start\src\interfaces\quiz.ts">
        <metrics statements="0" coveredstatements="0" conditionals="0" coveredconditionals="0" methods="0" coveredmethods="0"/>
      </file>
    </package>
    <package name="src.quizzer">
      <metrics statements="138" coveredstatements="76" conditionals="52" coveredconditionals="27" methods="71" coveredmethods="33"/>
      <file name="AddQuizModal.tsx" path="C:\Users\wangj\Desktop\CISC275\quizzer_start\src\quizzer\AddQuizModal.tsx">
        <metrics statements="14" coveredstatements="9" conditionals="0" coveredconditionals="0" methods="5" coveredmethods="2"/>
        <line num="9" count="1" type="stmt"/>
        <line num="17" count="24" type="stmt"/>
        <line num="19" count="24" type="stmt"/>
        <line num="21" count="24" type="stmt"/>
        <line num="22" count="1" type="stmt"/>
        <line num="23" count="1" type="stmt"/>
        <line num="24" count="1" type="stmt"/>
        <line num="25" count="1" type="stmt"/>
        <line num="29" count="24" type="stmt"/>
        <line num="42" count="0" type="stmt"/>
        <line num="51" count="0" type="stmt"/>
        <line num="59" count="0" type="stmt"/>
        <line num="60" count="0" type="stmt"/>
        <line num="61" count="0" type="stmt"/>
      </file>
      <file name="QuestionEdit.tsx" path="C:\Users\wangj\Desktop\CISC275\quizzer_start\src\quizzer\QuestionEdit.tsx">
        <metrics statements="30" coveredstatements="1" conditionals="12" coveredconditionals="0" methods="15" coveredmethods="0"/>
        <line num="11" count="1" type="stmt"/>
        <line num="19" count="0" type="stmt"/>
        <line num="20" count="0" type="stmt"/>
        <line num="23" count="0" type="stmt"/>
        <line num="24" count="0" type="stmt"/>
        <line num="26" count="0" type="cond" truecount="0" falsecount="2"/>
        <line num="27" count="0" type="stmt"/>
        <line num="35" count="0" type="stmt"/>
        <line num="36" count="0" type="stmt"/>
        <line num="37" count="0" type="stmt"/>
        <line num="45" count="0" type="stmt"/>
        <line num="46" count="0" type="stmt"/>
        <line num="47" count="0" type="stmt"/>
        <line num="50" count="0" type="stmt"/>
        <line num="54" count="0" type="stmt"/>
        <line num="55" count="0" type="stmt"/>
        <line num="56" count="0" type="stmt"/>
        <line num="63" count="0" type="stmt"/>
        <line num="64" count="0" type="stmt"/>
        <line num="65" count="0" type="stmt"/>
        <line num="66" count="0" type="stmt"/>
        <line num="73" count="0" type="stmt"/>
        <line num="90" count="0" type="stmt"/>
        <line num="163" count="0" type="stmt"/>
        <line num="176" count="0" type="stmt"/>
        <line num="197" count="0" type="stmt"/>
        <line num="215" count="0" type="stmt"/>
        <line num="224" count="0" type="stmt"/>
        <line num="240" count="0" type="stmt"/>
        <line num="249" count="0" type="stmt"/>
      </file>
      <file name="QuizCard.tsx" path="C:\Users\wangj\Desktop\CISC275\quizzer_start\src\quizzer\QuizCard.tsx">
        <metrics statements="5" coveredstatements="5" conditionals="5" coveredconditionals="4" methods="3" coveredmethods="3"/>
        <line num="8" count="1" type="stmt"/>
        <line num="12" count="81" type="stmt"/>
        <line num="14" count="320" type="cond" truecount="3" falsecount="0"/>
        <line num="17" count="81" type="stmt"/>
        <line num="23" count="10" type="stmt"/>
      </file>
      <file name="QuizEdit.tsx" path="C:\Users\wangj\Desktop\CISC275\quizzer_start\src\quizzer\QuizEdit.tsx">
        <metrics statements="25" coveredstatements="1" conditionals="6" coveredconditionals="0" methods="15" coveredmethods="0"/>
        <line num="12" count="1" type="stmt"/>
        <line num="24" count="0" type="stmt"/>
        <line num="26" count="0" type="stmt"/>
        <line num="27" count="0" type="stmt"/>
        <line num="30" count="0" type="cond" truecount="0" falsecount="2"/>
        <line num="36" count="0" type="stmt"/>
        <line num="37" count="0" type="stmt"/>
        <line num="39" count="0" type="stmt"/>
        <line num="44" count="0" type="stmt"/>
        <line num="45" count="0" type="stmt"/>
        <line num="49" count="0" type="stmt"/>
        <line num="50" count="0" type="stmt"/>
        <line num="54" count="0" type="cond" truecount="0" falsecount="2"/>
        <line num="55" count="0" type="cond" truecount="0" falsecount="2"/>
        <line num="56" count="0" type="stmt"/>
        <line num="63" count="0" type="stmt"/>
        <line num="75" count="0" type="stmt"/>
        <line num="92" count="0" type="stmt"/>
        <line num="105" count="0" type="stmt"/>
        <line num="113" count="0" type="stmt"/>
        <line num="129" count="0" type="stmt"/>
        <line num="155" count="0" type="stmt"/>
        <line num="156" count="0" type="stmt"/>
        <line num="168" count="0" type="stmt"/>
        <line num="169" count="0" type="stmt"/>
      </file>
      <file name="QuizExpanded.tsx" path="C:\Users\wangj\Desktop\CISC275\quizzer_start\src\quizzer\QuizExpanded.tsx">
        <metrics statements="25" coveredstatements="24" conditionals="5" coveredconditionals="4" methods="12" coveredmethods="10"/>
        <line num="11" count="1" type="stmt"/>
        <line num="17" count="19" type="stmt"/>
        <line num="19" count="76" type="cond" truecount="3" falsecount="0"/>
        <line num="22" count="19" type="stmt"/>
        <line num="23" count="19" type="stmt"/>
        <line num="27" count="19" type="stmt"/>
        <line num="28" count="1" type="stmt"/>
        <line num="29" count="1" type="stmt"/>
        <line num="30" count="1" type="stmt"/>
        <line num="34" count="19" type="stmt"/>
        <line num="35" count="38" type="stmt"/>
        <line num="39" count="19" type="stmt"/>
        <line num="40" count="0" type="stmt"/>
        <line num="43" count="19" type="stmt"/>
        <line num="44" count="6" type="stmt"/>
        <line num="45" count="6" type="stmt"/>
        <line num="48" count="24" type="stmt"/>
        <line num="52" count="6" type="stmt"/>
        <line num="56" count="19" type="stmt"/>
        <line num="57" count="2" type="stmt"/>
        <line num="59" count="8" type="stmt"/>
        <line num="65" count="19" type="stmt"/>
        <line num="80" count="6" type="stmt"/>
        <line num="81" count="6" type="stmt"/>
        <line num="97" count="38" type="stmt"/>
      </file>
      <file name="QuizList.tsx" path="C:\Users\wangj\Desktop\CISC275\quizzer_start\src\quizzer\QuizList.tsx">
        <metrics statements="10" coveredstatements="9" conditionals="4" coveredconditionals="4" methods="5" coveredmethods="4"/>
        <line num="10" count="1" type="stmt"/>
        <line num="20" count="34" type="stmt"/>
        <line num="22" count="34" type="stmt"/>
        <line num="23" count="10" type="stmt"/>
        <line num="26" count="34" type="stmt"/>
        <line num="27" count="0" type="stmt"/>
        <line num="30" count="34" type="stmt"/>
        <line num="35" count="81" type="stmt"/>
        <line num="47" count="171" type="cond" truecount="2" falsecount="0"/>
        <line num="48" count="18" type="stmt"/>
      </file>
      <file name="QuizQuestion.tsx" path="C:\Users\wangj\Desktop\CISC275\quizzer_start\src\quizzer\QuizQuestion.tsx">
        <metrics statements="10" coveredstatements="9" conditionals="14" coveredconditionals="10" methods="4" coveredmethods="4"/>
        <line num="9" count="1" type="stmt"/>
        <line num="17" count="38" type="stmt"/>
        <line num="18" count="2" type="cond" truecount="1" falsecount="1"/>
        <line num="19" count="2" type="stmt"/>
        <line num="23" count="38" type="stmt"/>
        <line num="24" count="1" type="stmt"/>
        <line num="25" count="1" type="cond" truecount="1" falsecount="1"/>
        <line num="26" count="0" type="stmt"/>
        <line num="31" count="38" type="stmt"/>
        <line num="57" count="57" type="stmt"/>
      </file>
      <file name="QuizView.tsx" path="C:\Users\wangj\Desktop\CISC275\quizzer_start\src\quizzer\QuizView.tsx">
        <metrics statements="5" coveredstatements="5" conditionals="4" coveredconditionals="3" methods="2" coveredmethods="2"/>
        <line num="15" count="1" type="stmt"/>
        <line num="26" count="18" type="stmt"/>
        <line num="28" count="18" type="stmt"/>
        <line num="29" count="6" type="stmt"/>
        <line num="34" count="18" type="stmt"/>
      </file>
      <file name="Quizzer.tsx" path="C:\Users\wangj\Desktop\CISC275\quizzer_start\src\quizzer\Quizzer.tsx">
        <metrics statements="14" coveredstatements="13" conditionals="2" coveredconditionals="2" methods="10" coveredmethods="8"/>
        <line num="9" count="1" type="stmt"/>
        <line num="10" count="5" type="stmt"/>
        <line num="13" count="20" type="stmt"/>
        <line num="22" count="1" type="stmt"/>
        <line num="23" count="24" type="stmt"/>
        <line num="24" count="24" type="stmt"/>
        <line num="27" count="8" type="stmt"/>
        <line num="28" count="40" type="cond" truecount="2" falsecount="0"/>
        <line num="41" count="1" type="stmt"/>
        <line num="48" count="1" type="stmt"/>
        <line num="52" count="0" type="stmt"/>
        <line num="55" count="24" type="stmt"/>
        <line num="56" count="24" type="stmt"/>
        <line num="58" count="24" type="stmt"/>
      </file>
    </package>
  </project>
</coverage>
