{"C:\\Users\\wangj\\Desktop\\CISC275\\quizzer_start\\src\\App.tsx": {"path":"C:\\Users\\wangj\\Desktop\\CISC275\\quizzer_start\\src\\App.tsx","statementMap":{"0":{"start":{"line":8,"column":34},"end":{"line":8,"column":57}},"1":{"start":{"line":10,"column":4},"end":{"line":26,"column":6}},"2":{"start":{"line":16,"column":24},"end":{"line":16,"column":45}}},"fnMap":{"0":{"name":"App","decl":{"start":{"line":7,"column":9},"end":{"line":7,"column":12}},"loc":{"start":{"line":7,"column":28},"end":{"line":27,"column":1}},"line":7},"1":{"name":"(anonymous_1)","decl":{"start":{"line":15,"column":29},"end":{"line":15,"column":30}},"loc":{"start":{"line":15,"column":35},"end":{"line":17,"column":21}},"line":15}},"branchMap":{"0":{"loc":{"start":{"line":19,"column":21},"end":{"line":19,"column":50}},"type":"cond-expr","locations":[{"start":{"line":19,"column":31},"end":{"line":19,"column":40}},{"start":{"line":19,"column":43},"end":{"line":19,"column":50}}],"line":19},"1":{"loc":{"start":{"line":22,"column":35},"end":{"line":22,"column":61}},"type":"cond-expr","locations":[{"start":{"line":22,"column":45},"end":{"line":22,"column":52}},{"start":{"line":22,"column":55},"end":{"line":22,"column":61}}],"line":22}},"s":{"0":1,"1":1,"2":0},"f":{"0":1,"1":0},"b":{"0":[1,0],"1":[1,0]},"_coverageSchema":"1a1c01bbd47fc00a2c39e90264f33305004495a9","hash":"927ef6898607f0e7d646d8841ba87a705574fb04"}
,"C:\\Users\\wangj\\Desktop\\CISC275\\quizzer_start\\src\\interfaces\\question.ts": {"path":"C:\\Users\\wangj\\Desktop\\CISC275\\quizzer_start\\src\\interfaces\\question.ts","statementMap":{},"fnMap":{},"branchMap":{},"s":{},"f":{},"b":{}}
,"C:\\Users\\wangj\\Desktop\\CISC275\\quizzer_start\\src\\interfaces\\quiz.ts": {"path":"C:\\Users\\wangj\\Desktop\\CISC275\\quizzer_start\\src\\interfaces\\quiz.ts","statementMap":{},"fnMap":{},"branchMap":{},"s":{},"f":{},"b":{}}
,"C:\\Users\\wangj\\Desktop\\CISC275\\quizzer_start\\src\\quizzer\\AddQuizModal.tsx": {"path":"C:\\Users\\wangj\\Desktop\\CISC275\\quizzer_start\\src\\quizzer\\AddQuizModal.tsx","statementMap":{"0":{"start":{"line":9,"column":28},"end":{"line":74,"column":1}},"1":{"start":{"line":18,"column":30},"end":{"line":18,"column":62}},"2":{"start":{"line":20,"column":28},"end":{"line":20,"column":67}},"3":{"start":{"line":22,"column":24},"end":{"line":27,"column":5}},"4":{"start":{"line":23,"column":8},"end":{"line":23,"column":29}},"5":{"start":{"line":24,"column":8},"end":{"line":24,"column":33}},"6":{"start":{"line":25,"column":8},"end":{"line":25,"column":39}},"7":{"start":{"line":26,"column":8},"end":{"line":26,"column":22}},"8":{"start":{"line":30,"column":4},"end":{"line":73,"column":6}},"9":{"start":{"line":43,"column":33},"end":{"line":43,"column":57}},"10":{"start":{"line":52,"column":33},"end":{"line":52,"column":56}},"11":{"start":{"line":60,"column":28},"end":{"line":60,"column":53}},"12":{"start":{"line":61,"column":28},"end":{"line":61,"column":59}},"13":{"start":{"line":62,"column":28},"end":{"line":62,"column":42}}},"fnMap":{"0":{"name":"(anonymous_0)","decl":{"start":{"line":9,"column":28},"end":{"line":9,"column":29}},"loc":{"start":{"line":17,"column":6},"end":{"line":74,"column":1}},"line":17},"1":{"name":"(anonymous_1)","decl":{"start":{"line":22,"column":24},"end":{"line":22,"column":25}},"loc":{"start":{"line":22,"column":30},"end":{"line":27,"column":5}},"line":22},"2":{"name":"(anonymous_2)","decl":{"start":{"line":41,"column":38},"end":{"line":41,"column":39}},"loc":{"start":{"line":43,"column":33},"end":{"line":43,"column":57}},"line":43},"3":{"name":"(anonymous_3)","decl":{"start":{"line":50,"column":38},"end":{"line":50,"column":39}},"loc":{"start":{"line":52,"column":33},"end":{"line":52,"column":56}},"line":52},"4":{"name":"(anonymous_4)","decl":{"start":{"line":59,"column":33},"end":{"line":59,"column":34}},"loc":{"start":{"line":59,"column":39},"end":{"line":63,"column":25}},"line":59}},"branchMap":{},"s":{"0":2,"1":26,"2":26,"3":26,"4":1,"5":1,"6":1,"7":1,"8":26,"9":0,"10":0,"11":0,"12":0,"13":0},"f":{"0":26,"1":1,"2":0,"3":0,"4":0},"b":{},"_coverageSchema":"1a1c01bbd47fc00a2c39e90264f33305004495a9","hash":"d29e9f13e1dd7d566524d5db472f69810e00a7cc"}
,"C:\\Users\\wangj\\Desktop\\CISC275\\quizzer_start\\src\\quizzer\\QuestionEdit.tsx": {"path":"C:\\Users\\wangj\\Desktop\\CISC275\\quizzer_start\\src\\quizzer\\QuestionEdit.tsx","statementMap":{"0":{"start":{"line":18,"column":28},"end":{"line":273,"column":1}},"1":{"start":{"line":33,"column":19},"end":{"line":35,"column":5}},"2":{"start":{"line":34,"column":50},"end":{"line":34,"column":73}},"3":{"start":{"line":37,"column":29},"end":{"line":47,"column":5}},"4":{"start":{"line":38,"column":8},"end":{"line":38,"column":13}},"5":{"start":{"line":40,"column":12},"end":{"line":40,"column":71}},"6":{"start":{"line":41,"column":8},"end":{"line":46,"column":11}},"7":{"start":{"line":49,"column":24},"end":{"line":57,"column":5}},"8":{"start":{"line":50,"column":8},"end":{"line":50,"column":13}},"9":{"start":{"line":51,"column":8},"end":{"line":56,"column":11}},"10":{"start":{"line":60,"column":25},"end":{"line":63,"column":5}},"11":{"start":{"line":61,"column":5},"end":{"line":61,"column":48}},"12":{"start":{"line":62,"column":8},"end":{"line":62,"column":44}},"13":{"start":{"line":65,"column":31},"end":{"line":76,"column":5}},"14":{"start":{"line":69,"column":27},"end":{"line":69,"column":48}},"15":{"start":{"line":70,"column":8},"end":{"line":70,"column":48}},"16":{"start":{"line":71,"column":8},"end":{"line":75,"column":11}},"17":{"start":{"line":78,"column":30},"end":{"line":85,"column":5}},"18":{"start":{"line":79,"column":20},"end":{"line":79,"column":44}},"19":{"start":{"line":80,"column":8},"end":{"line":80,"column":15}},"20":{"start":{"line":81,"column":8},"end":{"line":84,"column":11}},"21":{"start":{"line":88,"column":4},"end":{"line":272,"column":6}},"22":{"start":{"line":105,"column":36},"end":{"line":108,"column":39}},"23":{"start":{"line":178,"column":44},"end":{"line":181,"column":47}},"24":{"start":{"line":191,"column":44},"end":{"line":218,"column":50}},"25":{"start":{"line":212,"column":56},"end":{"line":215,"column":58}},"26":{"start":{"line":230,"column":32},"end":{"line":230,"column":63}},"27":{"start":{"line":239,"column":32},"end":{"line":239,"column":63}},"28":{"start":{"line":255,"column":28},"end":{"line":258,"column":31}},"29":{"start":{"line":264,"column":28},"end":{"line":264,"column":56}}},"fnMap":{"0":{"name":"(anonymous_0)","decl":{"start":{"line":18,"column":28},"end":{"line":18,"column":29}},"loc":{"start":{"line":32,"column":6},"end":{"line":273,"column":1}},"line":32},"1":{"name":"(anonymous_1)","decl":{"start":{"line":34,"column":35},"end":{"line":34,"column":36}},"loc":{"start":{"line":34,"column":50},"end":{"line":34,"column":73}},"line":34},"2":{"name":"(anonymous_2)","decl":{"start":{"line":37,"column":29},"end":{"line":37,"column":30}},"loc":{"start":{"line":37,"column":73},"end":{"line":47,"column":5}},"line":37},"3":{"name":"(anonymous_3)","decl":{"start":{"line":49,"column":24},"end":{"line":49,"column":25}},"loc":{"start":{"line":49,"column":30},"end":{"line":57,"column":5}},"line":49},"4":{"name":"(anonymous_4)","decl":{"start":{"line":60,"column":25},"end":{"line":60,"column":26}},"loc":{"start":{"line":60,"column":69},"end":{"line":63,"column":5}},"line":60},"5":{"name":"(anonymous_5)","decl":{"start":{"line":65,"column":31},"end":{"line":65,"column":32}},"loc":{"start":{"line":68,"column":9},"end":{"line":76,"column":5}},"line":68},"6":{"name":"(anonymous_6)","decl":{"start":{"line":78,"column":30},"end":{"line":78,"column":31}},"loc":{"start":{"line":78,"column":74},"end":{"line":85,"column":5}},"line":78},"7":{"name":"(anonymous_7)","decl":{"start":{"line":102,"column":42},"end":{"line":102,"column":43}},"loc":{"start":{"line":104,"column":37},"end":{"line":109,"column":33}},"line":104},"8":{"name":"(anonymous_8)","decl":{"start":{"line":175,"column":50},"end":{"line":175,"column":51}},"loc":{"start":{"line":177,"column":45},"end":{"line":182,"column":41}},"line":177},"9":{"name":"(anonymous_9)","decl":{"start":{"line":190,"column":40},"end":{"line":190,"column":41}},"loc":{"start":{"line":191,"column":44},"end":{"line":218,"column":50}},"line":191},"10":{"name":"(anonymous_10)","decl":{"start":{"line":209,"column":62},"end":{"line":209,"column":63}},"loc":{"start":{"line":211,"column":57},"end":{"line":216,"column":53}},"line":211},"11":{"name":"(anonymous_11)","decl":{"start":{"line":229,"column":37},"end":{"line":229,"column":38}},"loc":{"start":{"line":229,"column":43},"end":{"line":231,"column":29}},"line":229},"12":{"name":"(anonymous_12)","decl":{"start":{"line":238,"column":37},"end":{"line":238,"column":38}},"loc":{"start":{"line":238,"column":43},"end":{"line":240,"column":29}},"line":238},"13":{"name":"(anonymous_13)","decl":{"start":{"line":254,"column":34},"end":{"line":254,"column":35}},"loc":{"start":{"line":254,"column":78},"end":{"line":259,"column":25}},"line":254},"14":{"name":"(anonymous_14)","decl":{"start":{"line":263,"column":33},"end":{"line":263,"column":34}},"loc":{"start":{"line":263,"column":39},"end":{"line":265,"column":25}},"line":263}},"branchMap":{"0":{"loc":{"start":{"line":40,"column":12},"end":{"line":40,"column":71}},"type":"cond-expr","locations":[{"start":{"line":40,"column":43},"end":{"line":40,"column":44}},{"start":{"line":40,"column":47},"end":{"line":40,"column":71}}],"line":40},"1":{"loc":{"start":{"line":74,"column":22},"end":{"line":74,"column":66}},"type":"cond-expr","locations":[{"start":{"line":74,"column":32},"end":{"line":74,"column":46}},{"start":{"line":74,"column":49},"end":{"line":74,"column":66}}],"line":74},"2":{"loc":{"start":{"line":124,"column":31},"end":{"line":124,"column":63}},"type":"cond-expr","locations":[{"start":{"line":124,"column":55},"end":{"line":124,"column":58}},{"start":{"line":124,"column":61},"end":{"line":124,"column":63}}],"line":124},"3":{"loc":{"start":{"line":155,"column":29},"end":{"line":167,"column":29}},"type":"binary-expr","locations":[{"start":{"line":155,"column":29},"end":{"line":155,"column":73}},{"start":{"line":156,"column":32},"end":{"line":166,"column":35}}],"line":155},"4":{"loc":{"start":{"line":170,"column":29},"end":{"line":185,"column":29}},"type":"binary-expr","locations":[{"start":{"line":170,"column":29},"end":{"line":170,"column":70}},{"start":{"line":171,"column":32},"end":{"line":184,"column":45}}],"line":170},"5":{"loc":{"start":{"line":186,"column":29},"end":{"line":222,"column":29}},"type":"binary-expr","locations":[{"start":{"line":186,"column":29},"end":{"line":186,"column":73}},{"start":{"line":187,"column":32},"end":{"line":221,"column":45}}],"line":186}},"s":{"0":2,"1":0,"2":0,"3":0,"4":0,"5":0,"6":0,"7":0,"8":0,"9":0,"10":0,"11":0,"12":0,"13":0,"14":0,"15":0,"16":0,"17":0,"18":0,"19":0,"20":0,"21":0,"22":0,"23":0,"24":0,"25":0,"26":0,"27":0,"28":0,"29":0},"f":{"0":0,"1":0,"2":0,"3":0,"4":0,"5":0,"6":0,"7":0,"8":0,"9":0,"10":0,"11":0,"12":0,"13":0,"14":0},"b":{"0":[0,0],"1":[0,0],"2":[0,0],"3":[0,0],"4":[0,0],"5":[0,0]},"_coverageSchema":"1a1c01bbd47fc00a2c39e90264f33305004495a9","hash":"2ff398fe1fa46c7caf1da5c7c1c8d009b34f07cf"}
,"C:\\Users\\wangj\\Desktop\\CISC275\\quizzer_start\\src\\quizzer\\QuizCard.tsx": {"path":"C:\\Users\\wangj\\Desktop\\CISC275\\quizzer_start\\src\\quizzer\\QuizCard.tsx","statementMap":{"0":{"start":{"line":10,"column":24},"end":{"line":41,"column":1}},"1":{"start":{"line":17,"column":30},"end":{"line":20,"column":5}},"2":{"start":{"line":19,"column":12},"end":{"line":19,"column":62}},"3":{"start":{"line":22,"column":4},"end":{"line":40,"column":6}},"4":{"start":{"line":28,"column":24},"end":{"line":28,"column":45}}},"fnMap":{"0":{"name":"(anonymous_0)","decl":{"start":{"line":10,"column":24},"end":{"line":10,"column":25}},"loc":{"start":{"line":16,"column":6},"end":{"line":41,"column":1}},"line":16},"1":{"name":"(anonymous_1)","decl":{"start":{"line":18,"column":8},"end":{"line":18,"column":9}},"loc":{"start":{"line":19,"column":12},"end":{"line":19,"column":62}},"line":19},"2":{"name":"(anonymous_2)","decl":{"start":{"line":27,"column":29},"end":{"line":27,"column":30}},"loc":{"start":{"line":27,"column":35},"end":{"line":29,"column":21}},"line":27}},"branchMap":{"0":{"loc":{"start":{"line":19,"column":12},"end":{"line":19,"column":62}},"type":"binary-expr","locations":[{"start":{"line":19,"column":13},"end":{"line":19,"column":27}},{"start":{"line":19,"column":31},"end":{"line":19,"column":42}},{"start":{"line":19,"column":47},"end":{"line":19,"column":62}}],"line":19},"1":{"loc":{"start":{"line":35,"column":21},"end":{"line":35,"column":62}},"type":"cond-expr","locations":[{"start":{"line":35,"column":54},"end":{"line":35,"column":57}},{"start":{"line":35,"column":60},"end":{"line":35,"column":62}}],"line":35}},"s":{"0":2,"1":86,"2":340,"3":86,"4":10},"f":{"0":86,"1":340,"2":10},"b":{"0":[340,289,153],"1":[86,0]},"_coverageSchema":"1a1c01bbd47fc00a2c39e90264f33305004495a9","hash":"fb60e252bf869d6bed8466fec3abcc0a19505356"}
,"C:\\Users\\wangj\\Desktop\\CISC275\\quizzer_start\\src\\quizzer\\QuizEdit.tsx": {"path":"C:\\Users\\wangj\\Desktop\\CISC275\\quizzer_start\\src\\quizzer\\QuizEdit.tsx","statementMap":{"0":{"start":{"line":11,"column":24},"end":{"line":178,"column":1}},"1":{"start":{"line":24,"column":34},"end":{"line":24,"column":61}},"2":{"start":{"line":26,"column":25},"end":{"line":33,"column":5}},"3":{"start":{"line":27,"column":8},"end":{"line":32,"column":11}},"4":{"start":{"line":30,"column":85},"end":{"line":30,"column":135}},"5":{"start":{"line":36,"column":27},"end":{"line":42,"column":5}},"6":{"start":{"line":37,"column":8},"end":{"line":41,"column":11}},"7":{"start":{"line":39,"column":87},"end":{"line":39,"column":113}},"8":{"start":{"line":44,"column":24},"end":{"line":46,"column":5}},"9":{"start":{"line":45,"column":8},"end":{"line":45,"column":42}},"10":{"start":{"line":49,"column":25},"end":{"line":60,"column":5}},"11":{"start":{"line":50,"column":8},"end":{"line":59,"column":11}},"12":{"start":{"line":54,"column":20},"end":{"line":54,"column":72}},"13":{"start":{"line":54,"column":38},"end":{"line":54,"column":72}},"14":{"start":{"line":55,"column":20},"end":{"line":55,"column":72}},"15":{"start":{"line":55,"column":38},"end":{"line":55,"column":72}},"16":{"start":{"line":56,"column":20},"end":{"line":56,"column":29}},"17":{"start":{"line":63,"column":4},"end":{"line":177,"column":6}},"18":{"start":{"line":75,"column":36},"end":{"line":78,"column":38}},"19":{"start":{"line":92,"column":32},"end":{"line":95,"column":35}},"20":{"start":{"line":105,"column":28},"end":{"line":105,"column":76}},"21":{"start":{"line":113,"column":20},"end":{"line":121,"column":36}},"22":{"start":{"line":129,"column":24},"end":{"line":144,"column":27}},"23":{"start":{"line":155,"column":32},"end":{"line":155,"column":46}},"24":{"start":{"line":156,"column":32},"end":{"line":156,"column":45}},"25":{"start":{"line":168,"column":28},"end":{"line":168,"column":48}},"26":{"start":{"line":169,"column":28},"end":{"line":169,"column":40}}},"fnMap":{"0":{"name":"(anonymous_0)","decl":{"start":{"line":11,"column":24},"end":{"line":11,"column":25}},"loc":{"start":{"line":23,"column":6},"end":{"line":178,"column":1}},"line":23},"1":{"name":"(anonymous_1)","decl":{"start":{"line":26,"column":25},"end":{"line":26,"column":26}},"loc":{"start":{"line":26,"column":72},"end":{"line":33,"column":5}},"line":26},"2":{"name":"(anonymous_2)","decl":{"start":{"line":30,"column":51},"end":{"line":30,"column":52}},"loc":{"start":{"line":30,"column":85},"end":{"line":30,"column":135}},"line":30},"3":{"name":"(anonymous_3)","decl":{"start":{"line":36,"column":27},"end":{"line":36,"column":28}},"loc":{"start":{"line":36,"column":51},"end":{"line":42,"column":5}},"line":36},"4":{"name":"(anonymous_4)","decl":{"start":{"line":39,"column":54},"end":{"line":39,"column":55}},"loc":{"start":{"line":39,"column":87},"end":{"line":39,"column":113}},"line":39},"5":{"name":"(anonymous_5)","decl":{"start":{"line":44,"column":24},"end":{"line":44,"column":25}},"loc":{"start":{"line":44,"column":30},"end":{"line":46,"column":5}},"line":44},"6":{"name":"(anonymous_6)","decl":{"start":{"line":49,"column":25},"end":{"line":49,"column":26}},"loc":{"start":{"line":49,"column":57},"end":{"line":60,"column":5}},"line":49},"7":{"name":"(anonymous_7)","decl":{"start":{"line":53,"column":16},"end":{"line":53,"column":17}},"loc":{"start":{"line":53,"column":56},"end":{"line":57,"column":17}},"line":53},"8":{"name":"(anonymous_8)","decl":{"start":{"line":72,"column":42},"end":{"line":72,"column":43}},"loc":{"start":{"line":75,"column":36},"end":{"line":78,"column":38}},"line":75},"9":{"name":"(anonymous_9)","decl":{"start":{"line":89,"column":38},"end":{"line":89,"column":39}},"loc":{"start":{"line":91,"column":33},"end":{"line":96,"column":29}},"line":91},"10":{"name":"(anonymous_10)","decl":{"start":{"line":104,"column":34},"end":{"line":104,"column":35}},"loc":{"start":{"line":105,"column":28},"end":{"line":105,"column":76}},"line":105},"11":{"name":"(anonymous_11)","decl":{"start":{"line":112,"column":42},"end":{"line":112,"column":43}},"loc":{"start":{"line":113,"column":20},"end":{"line":121,"column":36}},"line":113},"12":{"name":"(anonymous_12)","decl":{"start":{"line":128,"column":29},"end":{"line":128,"column":30}},"loc":{"start":{"line":128,"column":35},"end":{"line":145,"column":21}},"line":128},"13":{"name":"(anonymous_13)","decl":{"start":{"line":154,"column":37},"end":{"line":154,"column":38}},"loc":{"start":{"line":154,"column":43},"end":{"line":157,"column":29}},"line":154},"14":{"name":"(anonymous_14)","decl":{"start":{"line":167,"column":33},"end":{"line":167,"column":34}},"loc":{"start":{"line":167,"column":39},"end":{"line":170,"column":25}},"line":167}},"branchMap":{"0":{"loc":{"start":{"line":30,"column":85},"end":{"line":30,"column":135}},"type":"cond-expr","locations":[{"start":{"line":30,"column":114},"end":{"line":30,"column":125}},{"start":{"line":30,"column":127},"end":{"line":30,"column":135}}],"line":30},"1":{"loc":{"start":{"line":54,"column":20},"end":{"line":54,"column":72}},"type":"if","locations":[{"start":{"line":54,"column":20},"end":{"line":54,"column":72}},{"start":{},"end":{}}],"line":54},"2":{"loc":{"start":{"line":55,"column":20},"end":{"line":55,"column":72}},"type":"if","locations":[{"start":{"line":55,"column":20},"end":{"line":55,"column":72}},{"start":{},"end":{}}],"line":55}},"s":{"0":2,"1":0,"2":0,"3":0,"4":0,"5":0,"6":0,"7":0,"8":0,"9":0,"10":0,"11":0,"12":0,"13":0,"14":0,"15":0,"16":0,"17":0,"18":0,"19":0,"20":0,"21":0,"22":0,"23":0,"24":0,"25":0,"26":0},"f":{"0":0,"1":0,"2":0,"3":0,"4":0,"5":0,"6":0,"7":0,"8":0,"9":0,"10":0,"11":0,"12":0,"13":0,"14":0},"b":{"0":[0,0],"1":[0,0],"2":[0,0]},"_coverageSchema":"1a1c01bbd47fc00a2c39e90264f33305004495a9","hash":"e049209d9217c6ce6e8b84f58e931b4f331a6842"}
,"C:\\Users\\wangj\\Desktop\\CISC275\\quizzer_start\\src\\quizzer\\QuizExpanded.tsx": {"path":"C:\\Users\\wangj\\Desktop\\CISC275\\quizzer_start\\src\\quizzer\\QuizExpanded.tsx","statementMap":{"0":{"start":{"line":10,"column":28},"end":{"line":118,"column":1}},"1":{"start":{"line":16,"column":30},"end":{"line":19,"column":5}},"2":{"start":{"line":18,"column":12},"end":{"line":18,"column":62}},"3":{"start":{"line":21,"column":20},"end":{"line":21,"column":39}},"4":{"start":{"line":22,"column":38},"end":{"line":24,"column":5}},"5":{"start":{"line":26,"column":33},"end":{"line":30,"column":5}},"6":{"start":{"line":27,"column":29},"end":{"line":27,"column":43}},"7":{"start":{"line":28,"column":8},"end":{"line":28,"column":44}},"8":{"start":{"line":29,"column":8},"end":{"line":29,"column":35}},"9":{"start":{"line":33,"column":24},"end":{"line":36,"column":5}},"10":{"start":{"line":34,"column":47},"end":{"line":34,"column":62}},"11":{"start":{"line":38,"column":22},"end":{"line":40,"column":5}},"12":{"start":{"line":39,"column":8},"end":{"line":39,"column":41}},"13":{"start":{"line":39,"column":26},"end":{"line":39,"column":39}},"14":{"start":{"line":42,"column":18},"end":{"line":52,"column":5}},"15":{"start":{"line":43,"column":8},"end":{"line":43,"column":58}},"16":{"start":{"line":44,"column":8},"end":{"line":49,"column":11}},"17":{"start":{"line":47,"column":44},"end":{"line":47,"column":68}},"18":{"start":{"line":51,"column":8},"end":{"line":51,"column":14}},"19":{"start":{"line":55,"column":28},"end":{"line":62,"column":5}},"20":{"start":{"line":56,"column":8},"end":{"line":61,"column":11}},"21":{"start":{"line":59,"column":43},"end":{"line":59,"column":94}},"22":{"start":{"line":65,"column":4},"end":{"line":117,"column":6}},"23":{"start":{"line":80,"column":28},"end":{"line":80,"column":36}},"24":{"start":{"line":81,"column":28},"end":{"line":81,"column":41}},"25":{"start":{"line":97,"column":16},"end":{"line":105,"column":32}}},"fnMap":{"0":{"name":"(anonymous_0)","decl":{"start":{"line":10,"column":28},"end":{"line":10,"column":29}},"loc":{"start":{"line":15,"column":115},"end":{"line":118,"column":1}},"line":15},"1":{"name":"(anonymous_1)","decl":{"start":{"line":17,"column":8},"end":{"line":17,"column":9}},"loc":{"start":{"line":18,"column":12},"end":{"line":18,"column":62}},"line":18},"2":{"name":"(anonymous_2)","decl":{"start":{"line":26,"column":33},"end":{"line":26,"column":34}},"loc":{"start":{"line":26,"column":52},"end":{"line":30,"column":5}},"line":26},"3":{"name":"(anonymous_3)","decl":{"start":{"line":34,"column":8},"end":{"line":34,"column":9}},"loc":{"start":{"line":34,"column":47},"end":{"line":34,"column":62}},"line":34},"4":{"name":"(anonymous_4)","decl":{"start":{"line":38,"column":22},"end":{"line":38,"column":23}},"loc":{"start":{"line":38,"column":37},"end":{"line":40,"column":5}},"line":38},"5":{"name":"(anonymous_5)","decl":{"start":{"line":39,"column":11},"end":{"line":39,"column":12}},"loc":{"start":{"line":39,"column":26},"end":{"line":39,"column":39}},"line":39},"6":{"name":"(anonymous_6)","decl":{"start":{"line":42,"column":18},"end":{"line":42,"column":19}},"loc":{"start":{"line":42,"column":24},"end":{"line":52,"column":5}},"line":42},"7":{"name":"(anonymous_7)","decl":{"start":{"line":47,"column":16},"end":{"line":47,"column":17}},"loc":{"start":{"line":47,"column":44},"end":{"line":47,"column":68}},"line":47},"8":{"name":"(anonymous_8)","decl":{"start":{"line":55,"column":28},"end":{"line":55,"column":29}},"loc":{"start":{"line":55,"column":65},"end":{"line":62,"column":5}},"line":55},"9":{"name":"(anonymous_9)","decl":{"start":{"line":59,"column":16},"end":{"line":59,"column":17}},"loc":{"start":{"line":59,"column":43},"end":{"line":59,"column":94}},"line":59},"10":{"name":"(anonymous_10)","decl":{"start":{"line":79,"column":33},"end":{"line":79,"column":34}},"loc":{"start":{"line":79,"column":39},"end":{"line":82,"column":25}},"line":79},"11":{"name":"(anonymous_11)","decl":{"start":{"line":96,"column":35},"end":{"line":96,"column":36}},"loc":{"start":{"line":97,"column":16},"end":{"line":105,"column":32}},"line":97}},"branchMap":{"0":{"loc":{"start":{"line":18,"column":12},"end":{"line":18,"column":62}},"type":"binary-expr","locations":[{"start":{"line":18,"column":13},"end":{"line":18,"column":27}},{"start":{"line":18,"column":31},"end":{"line":18,"column":42}},{"start":{"line":18,"column":47},"end":{"line":18,"column":62}}],"line":18},"1":{"loc":{"start":{"line":59,"column":43},"end":{"line":59,"column":94}},"type":"cond-expr","locations":[{"start":{"line":59,"column":65},"end":{"line":59,"column":90}},{"start":{"line":59,"column":93},"end":{"line":59,"column":94}}],"line":59},"2":{"loc":{"start":{"line":72,"column":25},"end":{"line":72,"column":66}},"type":"cond-expr","locations":[{"start":{"line":72,"column":58},"end":{"line":72,"column":61}},{"start":{"line":72,"column":64},"end":{"line":72,"column":66}}],"line":72}},"s":{"0":2,"1":21,"2":84,"3":21,"4":21,"5":21,"6":2,"7":2,"8":2,"9":21,"10":42,"11":21,"12":2,"13":2,"14":21,"15":7,"16":7,"17":28,"18":7,"19":21,"20":2,"21":8,"22":21,"23":6,"24":6,"25":42},"f":{"0":21,"1":84,"2":2,"3":42,"4":2,"5":2,"6":7,"7":28,"8":2,"9":8,"10":6,"11":42},"b":{"0":[84,84,42],"1":[2,6],"2":[21,0]},"_coverageSchema":"1a1c01bbd47fc00a2c39e90264f33305004495a9","hash":"8927f53246fdfcb9bed588c0438051de11cee022"}
,"C:\\Users\\wangj\\Desktop\\CISC275\\quizzer_start\\src\\quizzer\\QuizList.tsx": {"path":"C:\\Users\\wangj\\Desktop\\CISC275\\quizzer_start\\src\\quizzer\\QuizList.tsx","statementMap":{"0":{"start":{"line":9,"column":24},"end":{"line":61,"column":1}},"1":{"start":{"line":20,"column":38},"end":{"line":20,"column":67}},"2":{"start":{"line":22,"column":27},"end":{"line":24,"column":5}},"3":{"start":{"line":23,"column":8},"end":{"line":23,"column":25}},"4":{"start":{"line":26,"column":26},"end":{"line":28,"column":5}},"5":{"start":{"line":27,"column":8},"end":{"line":27,"column":27}},"6":{"start":{"line":30,"column":4},"end":{"line":60,"column":6}},"7":{"start":{"line":35,"column":24},"end":{"line":39,"column":36}},"8":{"start":{"line":47,"column":16},"end":{"line":57,"column":17}},"9":{"start":{"line":48,"column":20},"end":{"line":56,"column":22}}},"fnMap":{"0":{"name":"(anonymous_0)","decl":{"start":{"line":9,"column":24},"end":{"line":9,"column":25}},"loc":{"start":{"line":19,"column":6},"end":{"line":61,"column":1}},"line":19},"1":{"name":"(anonymous_1)","decl":{"start":{"line":22,"column":27},"end":{"line":22,"column":28}},"loc":{"start":{"line":22,"column":43},"end":{"line":24,"column":5}},"line":22},"2":{"name":"(anonymous_2)","decl":{"start":{"line":26,"column":26},"end":{"line":26,"column":27}},"loc":{"start":{"line":26,"column":32},"end":{"line":28,"column":5}},"line":26},"3":{"name":"(anonymous_3)","decl":{"start":{"line":34,"column":33},"end":{"line":34,"column":34}},"loc":{"start":{"line":35,"column":24},"end":{"line":39,"column":36}},"line":35},"4":{"name":"(anonymous_4)","decl":{"start":{"line":46,"column":25},"end":{"line":46,"column":26}},"loc":{"start":{"line":46,"column":41},"end":{"line":58,"column":13}},"line":46}},"branchMap":{"0":{"loc":{"start":{"line":32,"column":13},"end":{"line":45,"column":13}},"type":"binary-expr","locations":[{"start":{"line":32,"column":13},"end":{"line":32,"column":23}},{"start":{"line":33,"column":16},"end":{"line":44,"column":19}}],"line":32},"1":{"loc":{"start":{"line":47,"column":16},"end":{"line":57,"column":17}},"type":"if","locations":[{"start":{"line":47,"column":16},"end":{"line":57,"column":17}},{"start":{},"end":{}}],"line":47}},"s":{"0":2,"1":36,"2":36,"3":10,"4":36,"5":0,"6":36,"7":86,"8":181,"9":19},"f":{"0":36,"1":10,"2":0,"3":86,"4":181},"b":{"0":[36,17],"1":[19,162]},"_coverageSchema":"1a1c01bbd47fc00a2c39e90264f33305004495a9","hash":"788dcadeddaedf3fb7893a9b40ecd9bab6351f6d"}
,"C:\\Users\\wangj\\Desktop\\CISC275\\quizzer_start\\src\\quizzer\\QuizQuestion.tsx": {"path":"C:\\Users\\wangj\\Desktop\\CISC275\\quizzer_start\\src\\quizzer\\QuizQuestion.tsx","statementMap":{"0":{"start":{"line":9,"column":28},"end":{"line":95,"column":1}},"1":{"start":{"line":24,"column":24},"end":{"line":28,"column":5}},"2":{"start":{"line":25,"column":8},"end":{"line":27,"column":9}},"3":{"start":{"line":26,"column":12},"end":{"line":26,"column":57}},"4":{"start":{"line":30,"column":30},"end":{"line":35,"column":5}},"5":{"start":{"line":31,"column":8},"end":{"line":31,"column":28}},"6":{"start":{"line":32,"column":8},"end":{"line":34,"column":9}},"7":{"start":{"line":33,"column":12},"end":{"line":33,"column":25}},"8":{"start":{"line":38,"column":4},"end":{"line":94,"column":6}},"9":{"start":{"line":64,"column":36},"end":{"line":72,"column":38}}},"fnMap":{"0":{"name":"(anonymous_0)","decl":{"start":{"line":9,"column":28},"end":{"line":9,"column":29}},"loc":{"start":{"line":23,"column":6},"end":{"line":95,"column":1}},"line":23},"1":{"name":"(anonymous_1)","decl":{"start":{"line":24,"column":24},"end":{"line":24,"column":25}},"loc":{"start":{"line":24,"column":44},"end":{"line":28,"column":5}},"line":24},"2":{"name":"(anonymous_2)","decl":{"start":{"line":30,"column":30},"end":{"line":30,"column":31}},"loc":{"start":{"line":30,"column":36},"end":{"line":35,"column":5}},"line":30},"3":{"name":"(anonymous_3)","decl":{"start":{"line":63,"column":32},"end":{"line":63,"column":33}},"loc":{"start":{"line":64,"column":36},"end":{"line":72,"column":38}},"line":64}},"branchMap":{"0":{"loc":{"start":{"line":25,"column":8},"end":{"line":27,"column":9}},"type":"if","locations":[{"start":{"line":25,"column":8},"end":{"line":27,"column":9}},{"start":{},"end":{}}],"line":25},"1":{"loc":{"start":{"line":32,"column":8},"end":{"line":34,"column":9}},"type":"if","locations":[{"start":{"line":32,"column":8},"end":{"line":34,"column":9}},{"start":{},"end":{}}],"line":32},"2":{"loc":{"start":{"line":47,"column":45},"end":{"line":47,"column":77}},"type":"cond-expr","locations":[{"start":{"line":47,"column":69},"end":{"line":47,"column":72}},{"start":{"line":47,"column":75},"end":{"line":47,"column":77}}],"line":47},"3":{"loc":{"start":{"line":51,"column":21},"end":{"line":59,"column":21}},"type":"binary-expr","locations":[{"start":{"line":51,"column":21},"end":{"line":51,"column":62}},{"start":{"line":52,"column":24},"end":{"line":58,"column":37}}],"line":51},"4":{"loc":{"start":{"line":60,"column":21},"end":{"line":76,"column":21}},"type":"binary-expr","locations":[{"start":{"line":60,"column":21},"end":{"line":60,"column":65}},{"start":{"line":61,"column":24},"end":{"line":75,"column":30}}],"line":60},"5":{"loc":{"start":{"line":78,"column":39},"end":{"line":78,"column":64}},"type":"cond-expr","locations":[{"start":{"line":78,"column":51},"end":{"line":78,"column":53}},{"start":{"line":78,"column":56},"end":{"line":78,"column":64}}],"line":78},"6":{"loc":{"start":{"line":79,"column":29},"end":{"line":81,"column":37}},"type":"cond-expr","locations":[{"start":{"line":80,"column":34},"end":{"line":80,"column":38}},{"start":{"line":81,"column":34},"end":{"line":81,"column":37}}],"line":79}},"s":{"0":2,"1":42,"2":2,"3":2,"4":42,"5":2,"6":2,"7":2,"8":42,"9":63},"f":{"0":42,"1":2,"2":2,"3":63},"b":{"0":[2,0],"1":[2,0],"2":[0,42],"3":[42,21],"4":[42,21],"5":[2,40],"6":[4,38]},"_coverageSchema":"1a1c01bbd47fc00a2c39e90264f33305004495a9","hash":"9eeea4575d0705c6085cbcd559dfc163b3e3cb2a"}
,"C:\\Users\\wangj\\Desktop\\CISC275\\quizzer_start\\src\\quizzer\\QuizView.tsx": {"path":"C:\\Users\\wangj\\Desktop\\CISC275\\quizzer_start\\src\\quizzer\\QuizView.tsx","statementMap":{"0":{"start":{"line":14,"column":24},"end":{"line":56,"column":2}},"1":{"start":{"line":25,"column":28},"end":{"line":25,"column":43}},"2":{"start":{"line":27,"column":23},"end":{"line":29,"column":5}},"3":{"start":{"line":28,"column":8},"end":{"line":28,"column":22}},"4":{"start":{"line":33,"column":4},"end":{"line":53,"column":6}}},"fnMap":{"0":{"name":"(anonymous_0)","decl":{"start":{"line":14,"column":24},"end":{"line":14,"column":25}},"loc":{"start":{"line":24,"column":6},"end":{"line":56,"column":2}},"line":24},"1":{"name":"(anonymous_1)","decl":{"start":{"line":27,"column":23},"end":{"line":27,"column":24}},"loc":{"start":{"line":27,"column":29},"end":{"line":29,"column":5}},"line":27}},"branchMap":{"0":{"loc":{"start":{"line":35,"column":13},"end":{"line":43,"column":13}},"type":"binary-expr","locations":[{"start":{"line":35,"column":13},"end":{"line":35,"column":17}},{"start":{"line":36,"column":16},"end":{"line":42,"column":28}}],"line":35},"1":{"loc":{"start":{"line":44,"column":13},"end":{"line":51,"column":13}},"type":"binary-expr","locations":[{"start":{"line":44,"column":13},"end":{"line":44,"column":18}},{"start":{"line":45,"column":16},"end":{"line":50,"column":32}}],"line":44}},"s":{"0":2,"1":19,"2":19,"3":6,"4":19},"f":{"0":19,"1":6},"b":{"0":[19,0],"1":[19,19]},"_coverageSchema":"1a1c01bbd47fc00a2c39e90264f33305004495a9","hash":"8c4b1b52ceab6e7eddf1f5d8cc709092085a33ee"}
,"C:\\Users\\wangj\\Desktop\\CISC275\\quizzer_start\\src\\quizzer\\Quizzer.tsx": {"path":"C:\\Users\\wangj\\Desktop\\CISC275\\quizzer_start\\src\\quizzer\\Quizzer.tsx","statementMap":{"0":{"start":{"line":9,"column":16},"end":{"line":20,"column":1}},"1":{"start":{"line":10,"column":21},"end":{"line":19,"column":5}},"2":{"start":{"line":13,"column":30},"end":{"line":17,"column":13}},"3":{"start":{"line":22,"column":23},"end":{"line":122,"column":1}},"4":{"start":{"line":23,"column":34},"end":{"line":23,"column":59}},"5":{"start":{"line":24,"column":44},"end":{"line":24,"column":59}},"6":{"start":{"line":27,"column":8},"end":{"line":29,"column":10}},"7":{"start":{"line":28,"column":44},"end":{"line":28,"column":70}},"8":{"start":{"line":41,"column":30},"end":{"line":47,"column":9}},"9":{"start":{"line":48,"column":8},"end":{"line":48,"column":42}},"10":{"start":{"line":52,"column":8},"end":{"line":52,"column":71}},"11":{"start":{"line":52,"column":56},"end":{"line":52,"column":68}},"12":{"start":{"line":55,"column":28},"end":{"line":55,"column":55}},"13":{"start":{"line":55,"column":34},"end":{"line":55,"column":55}},"14":{"start":{"line":56,"column":29},"end":{"line":56,"column":57}},"15":{"start":{"line":56,"column":35},"end":{"line":56,"column":57}},"16":{"start":{"line":58,"column":4},"end":{"line":121,"column":6}}},"fnMap":{"0":{"name":"(anonymous_0)","decl":{"start":{"line":10,"column":4},"end":{"line":10,"column":5}},"loc":{"start":{"line":10,"column":21},"end":{"line":19,"column":5}},"line":10},"1":{"name":"(anonymous_1)","decl":{"start":{"line":13,"column":12},"end":{"line":13,"column":13}},"loc":{"start":{"line":13,"column":30},"end":{"line":17,"column":13}},"line":13},"2":{"name":"(anonymous_2)","decl":{"start":{"line":22,"column":23},"end":{"line":22,"column":24}},"loc":{"start":{"line":22,"column":29},"end":{"line":122,"column":1}},"line":22},"3":{"name":"editQuiz","decl":{"start":{"line":26,"column":13},"end":{"line":26,"column":21}},"loc":{"start":{"line":26,"column":50},"end":{"line":30,"column":5}},"line":26},"4":{"name":"(anonymous_4)","decl":{"start":{"line":28,"column":24},"end":{"line":28,"column":25}},"loc":{"start":{"line":28,"column":44},"end":{"line":28,"column":70}},"line":28},"5":{"name":"addQuiz","decl":{"start":{"line":40,"column":13},"end":{"line":40,"column":20}},"loc":{"start":{"line":40,"column":50},"end":{"line":49,"column":5}},"line":40},"6":{"name":"deleteQuiz","decl":{"start":{"line":51,"column":13},"end":{"line":51,"column":23}},"loc":{"start":{"line":51,"column":37},"end":{"line":53,"column":5}},"line":51},"7":{"name":"(anonymous_7)","decl":{"start":{"line":52,"column":34},"end":{"line":52,"column":35}},"loc":{"start":{"line":52,"column":56},"end":{"line":52,"column":68}},"line":52},"8":{"name":"(anonymous_8)","decl":{"start":{"line":55,"column":28},"end":{"line":55,"column":29}},"loc":{"start":{"line":55,"column":34},"end":{"line":55,"column":55}},"line":55},"9":{"name":"(anonymous_9)","decl":{"start":{"line":56,"column":29},"end":{"line":56,"column":30}},"loc":{"start":{"line":56,"column":35},"end":{"line":56,"column":57}},"line":56}},"branchMap":{"0":{"loc":{"start":{"line":28,"column":44},"end":{"line":28,"column":70}},"type":"cond-expr","locations":[{"start":{"line":28,"column":59},"end":{"line":28,"column":66}},{"start":{"line":28,"column":69},"end":{"line":28,"column":70}}],"line":28}},"s":{"0":2,"1":10,"2":40,"3":2,"4":26,"5":26,"6":9,"7":45,"8":1,"9":1,"10":0,"11":0,"12":26,"13":1,"14":26,"15":1,"16":26},"f":{"0":10,"1":40,"2":26,"3":9,"4":45,"5":1,"6":0,"7":0,"8":1,"9":1},"b":{"0":[9,36]},"_coverageSchema":"1a1c01bbd47fc00a2c39e90264f33305004495a9","hash":"bd52cfd89b0265bb28f965867c84dbc9dabed3eb"}
}
