{"C:\\Users\\wangj\\Desktop\\CISC275\\quizzer_start\\src\\App.tsx": {"path":"C:\\Users\\wangj\\Desktop\\CISC275\\quizzer_start\\src\\App.tsx","statementMap":{"0":{"start":{"line":8,"column":34},"end":{"line":8,"column":57}},"1":{"start":{"line":10,"column":4},"end":{"line":26,"column":6}},"2":{"start":{"line":16,"column":24},"end":{"line":16,"column":45}}},"fnMap":{"0":{"name":"App","decl":{"start":{"line":7,"column":9},"end":{"line":7,"column":12}},"loc":{"start":{"line":7,"column":28},"end":{"line":27,"column":1}},"line":7},"1":{"name":"(anonymous_1)","decl":{"start":{"line":15,"column":29},"end":{"line":15,"column":30}},"loc":{"start":{"line":15,"column":35},"end":{"line":17,"column":21}},"line":15}},"branchMap":{"0":{"loc":{"start":{"line":19,"column":21},"end":{"line":19,"column":50}},"type":"cond-expr","locations":[{"start":{"line":19,"column":31},"end":{"line":19,"column":40}},{"start":{"line":19,"column":43},"end":{"line":19,"column":50}}],"line":19},"1":{"loc":{"start":{"line":22,"column":35},"end":{"line":22,"column":61}},"type":"cond-expr","locations":[{"start":{"line":22,"column":45},"end":{"line":22,"column":52}},{"start":{"line":22,"column":55},"end":{"line":22,"column":61}}],"line":22}},"s":{"0":1,"1":1,"2":0},"f":{"0":1,"1":0},"b":{"0":[1,0],"1":[1,0]},"_coverageSchema":"1a1c01bbd47fc00a2c39e90264f33305004495a9","hash":"927ef6898607f0e7d646d8841ba87a705574fb04"}
,"C:\\Users\\wangj\\Desktop\\CISC275\\quizzer_start\\src\\interfaces\\question.ts": {"path":"C:\\Users\\wangj\\Desktop\\CISC275\\quizzer_start\\src\\interfaces\\question.ts","statementMap":{},"fnMap":{},"branchMap":{},"s":{},"f":{},"b":{}}
,"C:\\Users\\wangj\\Desktop\\CISC275\\quizzer_start\\src\\interfaces\\quiz.ts": {"path":"C:\\Users\\wangj\\Desktop\\CISC275\\quizzer_start\\src\\interfaces\\quiz.ts","statementMap":{},"fnMap":{},"branchMap":{},"s":{},"f":{},"b":{}}
,"C:\\Users\\wangj\\Desktop\\CISC275\\quizzer_start\\src\\quizzer\\AddQuizModal.tsx": {"path":"C:\\Users\\wangj\\Desktop\\CISC275\\quizzer_start\\src\\quizzer\\AddQuizModal.tsx","statementMap":{"0":{"start":{"line":9,"column":28},"end":{"line":74,"column":1}},"1":{"start":{"line":18,"column":30},"end":{"line":18,"column":62}},"2":{"start":{"line":20,"column":28},"end":{"line":20,"column":67}},"3":{"start":{"line":22,"column":24},"end":{"line":27,"column":5}},"4":{"start":{"line":23,"column":8},"end":{"line":23,"column":29}},"5":{"start":{"line":24,"column":8},"end":{"line":24,"column":33}},"6":{"start":{"line":25,"column":8},"end":{"line":25,"column":39}},"7":{"start":{"line":26,"column":8},"end":{"line":26,"column":22}},"8":{"start":{"line":30,"column":4},"end":{"line":73,"column":6}},"9":{"start":{"line":43,"column":33},"end":{"line":43,"column":57}},"10":{"start":{"line":52,"column":33},"end":{"line":52,"column":56}},"11":{"start":{"line":60,"column":28},"end":{"line":60,"column":53}},"12":{"start":{"line":61,"column":28},"end":{"line":61,"column":59}},"13":{"start":{"line":62,"column":28},"end":{"line":62,"column":42}}},"fnMap":{"0":{"name":"(anonymous_0)","decl":{"start":{"line":9,"column":28},"end":{"line":9,"column":29}},"loc":{"start":{"line":17,"column":6},"end":{"line":74,"column":1}},"line":17},"1":{"name":"(anonymous_1)","decl":{"start":{"line":22,"column":24},"end":{"line":22,"column":25}},"loc":{"start":{"line":22,"column":30},"end":{"line":27,"column":5}},"line":22},"2":{"name":"(anonymous_2)","decl":{"start":{"line":41,"column":38},"end":{"line":41,"column":39}},"loc":{"start":{"line":43,"column":33},"end":{"line":43,"column":57}},"line":43},"3":{"name":"(anonymous_3)","decl":{"start":{"line":50,"column":38},"end":{"line":50,"column":39}},"loc":{"start":{"line":52,"column":33},"end":{"line":52,"column":56}},"line":52},"4":{"name":"(anonymous_4)","decl":{"start":{"line":59,"column":33},"end":{"line":59,"column":34}},"loc":{"start":{"line":59,"column":39},"end":{"line":63,"column":25}},"line":59}},"branchMap":{},"s":{"0":2,"1":32,"2":32,"3":32,"4":1,"5":1,"6":1,"7":1,"8":32,"9":0,"10":0,"11":0,"12":0,"13":0},"f":{"0":32,"1":1,"2":0,"3":0,"4":0},"b":{},"_coverageSchema":"1a1c01bbd47fc00a2c39e90264f33305004495a9","hash":"d29e9f13e1dd7d566524d5db472f69810e00a7cc"}
,"C:\\Users\\wangj\\Desktop\\CISC275\\quizzer_start\\src\\quizzer\\QuestionEdit.tsx": {"path":"C:\\Users\\wangj\\Desktop\\CISC275\\quizzer_start\\src\\quizzer\\QuestionEdit.tsx","statementMap":{"0":{"start":{"line":18,"column":28},"end":{"line":273,"column":1}},"1":{"start":{"line":33,"column":19},"end":{"line":35,"column":5}},"2":{"start":{"line":34,"column":50},"end":{"line":34,"column":73}},"3":{"start":{"line":37,"column":29},"end":{"line":47,"column":5}},"4":{"start":{"line":38,"column":8},"end":{"line":38,"column":13}},"5":{"start":{"line":40,"column":12},"end":{"line":40,"column":71}},"6":{"start":{"line":41,"column":8},"end":{"line":46,"column":11}},"7":{"start":{"line":49,"column":24},"end":{"line":57,"column":5}},"8":{"start":{"line":50,"column":8},"end":{"line":50,"column":13}},"9":{"start":{"line":51,"column":8},"end":{"line":56,"column":11}},"10":{"start":{"line":60,"column":25},"end":{"line":63,"column":5}},"11":{"start":{"line":61,"column":5},"end":{"line":61,"column":48}},"12":{"start":{"line":62,"column":8},"end":{"line":62,"column":44}},"13":{"start":{"line":65,"column":31},"end":{"line":76,"column":5}},"14":{"start":{"line":69,"column":27},"end":{"line":69,"column":48}},"15":{"start":{"line":70,"column":8},"end":{"line":70,"column":48}},"16":{"start":{"line":71,"column":8},"end":{"line":75,"column":11}},"17":{"start":{"line":78,"column":30},"end":{"line":85,"column":5}},"18":{"start":{"line":79,"column":20},"end":{"line":79,"column":44}},"19":{"start":{"line":80,"column":8},"end":{"line":80,"column":15}},"20":{"start":{"line":81,"column":8},"end":{"line":84,"column":11}},"21":{"start":{"line":88,"column":4},"end":{"line":272,"column":6}},"22":{"start":{"line":105,"column":36},"end":{"line":108,"column":39}},"23":{"start":{"line":178,"column":44},"end":{"line":181,"column":47}},"24":{"start":{"line":191,"column":44},"end":{"line":218,"column":50}},"25":{"start":{"line":212,"column":56},"end":{"line":215,"column":58}},"26":{"start":{"line":230,"column":32},"end":{"line":230,"column":63}},"27":{"start":{"line":239,"column":32},"end":{"line":239,"column":63}},"28":{"start":{"line":255,"column":28},"end":{"line":258,"column":31}},"29":{"start":{"line":264,"column":28},"end":{"line":264,"column":56}}},"fnMap":{"0":{"name":"(anonymous_0)","decl":{"start":{"line":18,"column":28},"end":{"line":18,"column":29}},"loc":{"start":{"line":32,"column":6},"end":{"line":273,"column":1}},"line":32},"1":{"name":"(anonymous_1)","decl":{"start":{"line":34,"column":35},"end":{"line":34,"column":36}},"loc":{"start":{"line":34,"column":50},"end":{"line":34,"column":73}},"line":34},"2":{"name":"(anonymous_2)","decl":{"start":{"line":37,"column":29},"end":{"line":37,"column":30}},"loc":{"start":{"line":37,"column":73},"end":{"line":47,"column":5}},"line":37},"3":{"name":"(anonymous_3)","decl":{"start":{"line":49,"column":24},"end":{"line":49,"column":25}},"loc":{"start":{"line":49,"column":30},"end":{"line":57,"column":5}},"line":49},"4":{"name":"(anonymous_4)","decl":{"start":{"line":60,"column":25},"end":{"line":60,"column":26}},"loc":{"start":{"line":60,"column":69},"end":{"line":63,"column":5}},"line":60},"5":{"name":"(anonymous_5)","decl":{"start":{"line":65,"column":31},"end":{"line":65,"column":32}},"loc":{"start":{"line":68,"column":9},"end":{"line":76,"column":5}},"line":68},"6":{"name":"(anonymous_6)","decl":{"start":{"line":78,"column":30},"end":{"line":78,"column":31}},"loc":{"start":{"line":78,"column":74},"end":{"line":85,"column":5}},"line":78},"7":{"name":"(anonymous_7)","decl":{"start":{"line":102,"column":42},"end":{"line":102,"column":43}},"loc":{"start":{"line":104,"column":37},"end":{"line":109,"column":33}},"line":104},"8":{"name":"(anonymous_8)","decl":{"start":{"line":175,"column":50},"end":{"line":175,"column":51}},"loc":{"start":{"line":177,"column":45},"end":{"line":182,"column":41}},"line":177},"9":{"name":"(anonymous_9)","decl":{"start":{"line":190,"column":40},"end":{"line":190,"column":41}},"loc":{"start":{"line":191,"column":44},"end":{"line":218,"column":50}},"line":191},"10":{"name":"(anonymous_10)","decl":{"start":{"line":209,"column":62},"end":{"line":209,"column":63}},"loc":{"start":{"line":211,"column":57},"end":{"line":216,"column":53}},"line":211},"11":{"name":"(anonymous_11)","decl":{"start":{"line":229,"column":37},"end":{"line":229,"column":38}},"loc":{"start":{"line":229,"column":43},"end":{"line":231,"column":29}},"line":229},"12":{"name":"(anonymous_12)","decl":{"start":{"line":238,"column":37},"end":{"line":238,"column":38}},"loc":{"start":{"line":238,"column":43},"end":{"line":240,"column":29}},"line":238},"13":{"name":"(anonymous_13)","decl":{"start":{"line":254,"column":34},"end":{"line":254,"column":35}},"loc":{"start":{"line":254,"column":78},"end":{"line":259,"column":25}},"line":254},"14":{"name":"(anonymous_14)","decl":{"start":{"line":263,"column":33},"end":{"line":263,"column":34}},"loc":{"start":{"line":263,"column":39},"end":{"line":265,"column":25}},"line":263}},"branchMap":{"0":{"loc":{"start":{"line":40,"column":12},"end":{"line":40,"column":71}},"type":"cond-expr","locations":[{"start":{"line":40,"column":43},"end":{"line":40,"column":44}},{"start":{"line":40,"column":47},"end":{"line":40,"column":71}}],"line":40},"1":{"loc":{"start":{"line":74,"column":22},"end":{"line":74,"column":66}},"type":"cond-expr","locations":[{"start":{"line":74,"column":32},"end":{"line":74,"column":46}},{"start":{"line":74,"column":49},"end":{"line":74,"column":66}}],"line":74},"2":{"loc":{"start":{"line":124,"column":31},"end":{"line":124,"column":63}},"type":"cond-expr","locations":[{"start":{"line":124,"column":55},"end":{"line":124,"column":58}},{"start":{"line":124,"column":61},"end":{"line":124,"column":63}}],"line":124},"3":{"loc":{"start":{"line":155,"column":29},"end":{"line":167,"column":29}},"type":"binary-expr","locations":[{"start":{"line":155,"column":29},"end":{"line":155,"column":73}},{"start":{"line":156,"column":32},"end":{"line":166,"column":35}}],"line":155},"4":{"loc":{"start":{"line":170,"column":29},"end":{"line":185,"column":29}},"type":"binary-expr","locations":[{"start":{"line":170,"column":29},"end":{"line":170,"column":70}},{"start":{"line":171,"column":32},"end":{"line":184,"column":45}}],"line":170},"5":{"loc":{"start":{"line":186,"column":29},"end":{"line":222,"column":29}},"type":"binary-expr","locations":[{"start":{"line":186,"column":29},"end":{"line":186,"column":73}},{"start":{"line":187,"column":32},"end":{"line":221,"column":45}}],"line":186}},"s":{"0":2,"1":54,"2":53,"3":54,"4":0,"5":0,"6":0,"7":54,"8":1,"9":1,"10":54,"11":0,"12":0,"13":54,"14":0,"15":0,"16":0,"17":54,"18":0,"19":0,"20":0,"21":54,"22":0,"23":0,"24":81,"25":0,"26":2,"27":0,"28":1,"29":0},"f":{"0":54,"1":53,"2":0,"3":1,"4":0,"5":0,"6":0,"7":0,"8":0,"9":81,"10":0,"11":2,"12":0,"13":1,"14":0},"b":{"0":[0,0],"1":[0,0],"2":[13,41],"3":[54,27],"4":[54,27],"5":[54,27]},"_coverageSchema":"1a1c01bbd47fc00a2c39e90264f33305004495a9","hash":"2ff398fe1fa46c7caf1da5c7c1c8d009b34f07cf"}
,"C:\\Users\\wangj\\Desktop\\CISC275\\quizzer_start\\src\\quizzer\\QuizCard.tsx": {"path":"C:\\Users\\wangj\\Desktop\\CISC275\\quizzer_start\\src\\quizzer\\QuizCard.tsx","statementMap":{"0":{"start":{"line":10,"column":24},"end":{"line":41,"column":1}},"1":{"start":{"line":17,"column":30},"end":{"line":20,"column":5}},"2":{"start":{"line":19,"column":12},"end":{"line":19,"column":62}},"3":{"start":{"line":22,"column":4},"end":{"line":40,"column":6}},"4":{"start":{"line":28,"column":24},"end":{"line":28,"column":45}}},"fnMap":{"0":{"name":"(anonymous_0)","decl":{"start":{"line":10,"column":24},"end":{"line":10,"column":25}},"loc":{"start":{"line":16,"column":6},"end":{"line":41,"column":1}},"line":16},"1":{"name":"(anonymous_1)","decl":{"start":{"line":18,"column":8},"end":{"line":18,"column":9}},"loc":{"start":{"line":19,"column":12},"end":{"line":19,"column":62}},"line":19},"2":{"name":"(anonymous_2)","decl":{"start":{"line":27,"column":29},"end":{"line":27,"column":30}},"loc":{"start":{"line":27,"column":35},"end":{"line":29,"column":21}},"line":27}},"branchMap":{"0":{"loc":{"start":{"line":19,"column":12},"end":{"line":19,"column":62}},"type":"binary-expr","locations":[{"start":{"line":19,"column":13},"end":{"line":19,"column":27}},{"start":{"line":19,"column":31},"end":{"line":19,"column":42}},{"start":{"line":19,"column":47},"end":{"line":19,"column":62}}],"line":19},"1":{"loc":{"start":{"line":35,"column":21},"end":{"line":35,"column":62}},"type":"cond-expr","locations":[{"start":{"line":35,"column":54},"end":{"line":35,"column":57}},{"start":{"line":35,"column":60},"end":{"line":35,"column":62}}],"line":35}},"s":{"0":2,"1":90,"2":356,"3":90,"4":10},"f":{"0":90,"1":356,"2":10},"b":{"0":[356,302,160],"1":[90,0]},"_coverageSchema":"1a1c01bbd47fc00a2c39e90264f33305004495a9","hash":"fb60e252bf869d6bed8466fec3abcc0a19505356"}
,"C:\\Users\\wangj\\Desktop\\CISC275\\quizzer_start\\src\\quizzer\\QuizEdit.tsx": {"path":"C:\\Users\\wangj\\Desktop\\CISC275\\quizzer_start\\src\\quizzer\\QuizEdit.tsx","statementMap":{"0":{"start":{"line":11,"column":24},"end":{"line":180,"column":1}},"1":{"start":{"line":24,"column":34},"end":{"line":24,"column":61}},"2":{"start":{"line":26,"column":25},"end":{"line":34,"column":5}},"3":{"start":{"line":27,"column":8},"end":{"line":33,"column":11}},"4":{"start":{"line":31,"column":50},"end":{"line":31,"column":100}},"5":{"start":{"line":37,"column":27},"end":{"line":44,"column":5}},"6":{"start":{"line":38,"column":8},"end":{"line":43,"column":11}},"7":{"start":{"line":41,"column":49},"end":{"line":41,"column":75}},"8":{"start":{"line":46,"column":24},"end":{"line":48,"column":5}},"9":{"start":{"line":47,"column":8},"end":{"line":47,"column":42}},"10":{"start":{"line":51,"column":25},"end":{"line":62,"column":5}},"11":{"start":{"line":52,"column":8},"end":{"line":61,"column":11}},"12":{"start":{"line":56,"column":20},"end":{"line":56,"column":72}},"13":{"start":{"line":56,"column":38},"end":{"line":56,"column":72}},"14":{"start":{"line":57,"column":20},"end":{"line":57,"column":72}},"15":{"start":{"line":57,"column":38},"end":{"line":57,"column":72}},"16":{"start":{"line":58,"column":20},"end":{"line":58,"column":29}},"17":{"start":{"line":65,"column":4},"end":{"line":179,"column":6}},"18":{"start":{"line":77,"column":36},"end":{"line":80,"column":38}},"19":{"start":{"line":94,"column":32},"end":{"line":97,"column":35}},"20":{"start":{"line":107,"column":28},"end":{"line":107,"column":76}},"21":{"start":{"line":115,"column":20},"end":{"line":123,"column":36}},"22":{"start":{"line":131,"column":24},"end":{"line":146,"column":27}},"23":{"start":{"line":157,"column":32},"end":{"line":157,"column":46}},"24":{"start":{"line":158,"column":32},"end":{"line":158,"column":45}},"25":{"start":{"line":170,"column":28},"end":{"line":170,"column":48}},"26":{"start":{"line":171,"column":28},"end":{"line":171,"column":40}}},"fnMap":{"0":{"name":"(anonymous_0)","decl":{"start":{"line":11,"column":24},"end":{"line":11,"column":25}},"loc":{"start":{"line":23,"column":6},"end":{"line":180,"column":1}},"line":23},"1":{"name":"(anonymous_1)","decl":{"start":{"line":26,"column":25},"end":{"line":26,"column":26}},"loc":{"start":{"line":26,"column":72},"end":{"line":34,"column":5}},"line":26},"2":{"name":"(anonymous_2)","decl":{"start":{"line":31,"column":16},"end":{"line":31,"column":17}},"loc":{"start":{"line":31,"column":50},"end":{"line":31,"column":100}},"line":31},"3":{"name":"(anonymous_3)","decl":{"start":{"line":37,"column":27},"end":{"line":37,"column":28}},"loc":{"start":{"line":37,"column":51},"end":{"line":44,"column":5}},"line":37},"4":{"name":"(anonymous_4)","decl":{"start":{"line":41,"column":16},"end":{"line":41,"column":17}},"loc":{"start":{"line":41,"column":49},"end":{"line":41,"column":75}},"line":41},"5":{"name":"(anonymous_5)","decl":{"start":{"line":46,"column":24},"end":{"line":46,"column":25}},"loc":{"start":{"line":46,"column":30},"end":{"line":48,"column":5}},"line":46},"6":{"name":"(anonymous_6)","decl":{"start":{"line":51,"column":25},"end":{"line":51,"column":26}},"loc":{"start":{"line":51,"column":57},"end":{"line":62,"column":5}},"line":51},"7":{"name":"(anonymous_7)","decl":{"start":{"line":55,"column":16},"end":{"line":55,"column":17}},"loc":{"start":{"line":55,"column":56},"end":{"line":59,"column":17}},"line":55},"8":{"name":"(anonymous_8)","decl":{"start":{"line":74,"column":42},"end":{"line":74,"column":43}},"loc":{"start":{"line":77,"column":36},"end":{"line":80,"column":38}},"line":77},"9":{"name":"(anonymous_9)","decl":{"start":{"line":91,"column":38},"end":{"line":91,"column":39}},"loc":{"start":{"line":93,"column":33},"end":{"line":98,"column":29}},"line":93},"10":{"name":"(anonymous_10)","decl":{"start":{"line":106,"column":34},"end":{"line":106,"column":35}},"loc":{"start":{"line":107,"column":28},"end":{"line":107,"column":76}},"line":107},"11":{"name":"(anonymous_11)","decl":{"start":{"line":114,"column":42},"end":{"line":114,"column":43}},"loc":{"start":{"line":115,"column":20},"end":{"line":123,"column":36}},"line":115},"12":{"name":"(anonymous_12)","decl":{"start":{"line":130,"column":29},"end":{"line":130,"column":30}},"loc":{"start":{"line":130,"column":35},"end":{"line":147,"column":21}},"line":130},"13":{"name":"(anonymous_13)","decl":{"start":{"line":156,"column":37},"end":{"line":156,"column":38}},"loc":{"start":{"line":156,"column":43},"end":{"line":159,"column":29}},"line":156},"14":{"name":"(anonymous_14)","decl":{"start":{"line":169,"column":33},"end":{"line":169,"column":34}},"loc":{"start":{"line":169,"column":39},"end":{"line":172,"column":25}},"line":169}},"branchMap":{"0":{"loc":{"start":{"line":31,"column":50},"end":{"line":31,"column":100}},"type":"cond-expr","locations":[{"start":{"line":31,"column":79},"end":{"line":31,"column":90}},{"start":{"line":31,"column":92},"end":{"line":31,"column":100}}],"line":31},"1":{"loc":{"start":{"line":56,"column":20},"end":{"line":56,"column":72}},"type":"if","locations":[{"start":{"line":56,"column":20},"end":{"line":56,"column":72}},{"start":{},"end":{}}],"line":56},"2":{"loc":{"start":{"line":57,"column":20},"end":{"line":57,"column":72}},"type":"if","locations":[{"start":{"line":57,"column":20},"end":{"line":57,"column":72}},{"start":{},"end":{}}],"line":57}},"s":{"0":2,"1":13,"2":13,"3":2,"4":8,"5":13,"6":0,"7":0,"8":13,"9":5,"10":13,"11":2,"12":8,"13":2,"14":6,"15":2,"16":4,"17":13,"18":0,"19":2,"20":0,"21":54,"22":1,"23":5,"24":5,"25":1,"26":1},"f":{"0":13,"1":2,"2":8,"3":0,"4":0,"5":5,"6":2,"7":8,"8":0,"9":2,"10":0,"11":54,"12":1,"13":5,"14":1},"b":{"0":[2,6],"1":[2,6],"2":[2,4]},"_coverageSchema":"1a1c01bbd47fc00a2c39e90264f33305004495a9","hash":"007405be5d8e39bb98c88605f2b6aa98e3e813d0"}
,"C:\\Users\\wangj\\Desktop\\CISC275\\quizzer_start\\src\\quizzer\\QuizExpanded.tsx": {"path":"C:\\Users\\wangj\\Desktop\\CISC275\\quizzer_start\\src\\quizzer\\QuizExpanded.tsx","statementMap":{"0":{"start":{"line":14,"column":28},"end":{"line":127,"column":1}},"1":{"start":{"line":25,"column":30},"end":{"line":28,"column":5}},"2":{"start":{"line":27,"column":12},"end":{"line":27,"column":62}},"3":{"start":{"line":30,"column":20},"end":{"line":30,"column":39}},"4":{"start":{"line":31,"column":38},"end":{"line":33,"column":5}},"5":{"start":{"line":35,"column":33},"end":{"line":39,"column":5}},"6":{"start":{"line":36,"column":29},"end":{"line":36,"column":43}},"7":{"start":{"line":37,"column":8},"end":{"line":37,"column":44}},"8":{"start":{"line":38,"column":8},"end":{"line":38,"column":35}},"9":{"start":{"line":42,"column":24},"end":{"line":45,"column":5}},"10":{"start":{"line":43,"column":47},"end":{"line":43,"column":62}},"11":{"start":{"line":47,"column":22},"end":{"line":49,"column":5}},"12":{"start":{"line":48,"column":8},"end":{"line":48,"column":41}},"13":{"start":{"line":48,"column":26},"end":{"line":48,"column":39}},"14":{"start":{"line":51,"column":18},"end":{"line":61,"column":5}},"15":{"start":{"line":52,"column":8},"end":{"line":52,"column":58}},"16":{"start":{"line":53,"column":8},"end":{"line":58,"column":11}},"17":{"start":{"line":56,"column":44},"end":{"line":56,"column":68}},"18":{"start":{"line":60,"column":8},"end":{"line":60,"column":14}},"19":{"start":{"line":64,"column":28},"end":{"line":71,"column":5}},"20":{"start":{"line":65,"column":8},"end":{"line":70,"column":11}},"21":{"start":{"line":68,"column":43},"end":{"line":68,"column":94}},"22":{"start":{"line":74,"column":4},"end":{"line":126,"column":6}},"23":{"start":{"line":89,"column":28},"end":{"line":89,"column":36}},"24":{"start":{"line":90,"column":28},"end":{"line":90,"column":41}},"25":{"start":{"line":106,"column":16},"end":{"line":114,"column":32}}},"fnMap":{"0":{"name":"(anonymous_0)","decl":{"start":{"line":14,"column":28},"end":{"line":14,"column":29}},"loc":{"start":{"line":24,"column":6},"end":{"line":127,"column":1}},"line":24},"1":{"name":"(anonymous_1)","decl":{"start":{"line":26,"column":8},"end":{"line":26,"column":9}},"loc":{"start":{"line":27,"column":12},"end":{"line":27,"column":62}},"line":27},"2":{"name":"(anonymous_2)","decl":{"start":{"line":35,"column":33},"end":{"line":35,"column":34}},"loc":{"start":{"line":35,"column":52},"end":{"line":39,"column":5}},"line":35},"3":{"name":"(anonymous_3)","decl":{"start":{"line":43,"column":8},"end":{"line":43,"column":9}},"loc":{"start":{"line":43,"column":47},"end":{"line":43,"column":62}},"line":43},"4":{"name":"(anonymous_4)","decl":{"start":{"line":47,"column":22},"end":{"line":47,"column":23}},"loc":{"start":{"line":47,"column":37},"end":{"line":49,"column":5}},"line":47},"5":{"name":"(anonymous_5)","decl":{"start":{"line":48,"column":11},"end":{"line":48,"column":12}},"loc":{"start":{"line":48,"column":26},"end":{"line":48,"column":39}},"line":48},"6":{"name":"(anonymous_6)","decl":{"start":{"line":51,"column":18},"end":{"line":51,"column":19}},"loc":{"start":{"line":51,"column":24},"end":{"line":61,"column":5}},"line":51},"7":{"name":"(anonymous_7)","decl":{"start":{"line":56,"column":16},"end":{"line":56,"column":17}},"loc":{"start":{"line":56,"column":44},"end":{"line":56,"column":68}},"line":56},"8":{"name":"(anonymous_8)","decl":{"start":{"line":64,"column":28},"end":{"line":64,"column":29}},"loc":{"start":{"line":64,"column":65},"end":{"line":71,"column":5}},"line":64},"9":{"name":"(anonymous_9)","decl":{"start":{"line":68,"column":16},"end":{"line":68,"column":17}},"loc":{"start":{"line":68,"column":43},"end":{"line":68,"column":94}},"line":68},"10":{"name":"(anonymous_10)","decl":{"start":{"line":88,"column":33},"end":{"line":88,"column":34}},"loc":{"start":{"line":88,"column":39},"end":{"line":91,"column":25}},"line":88},"11":{"name":"(anonymous_11)","decl":{"start":{"line":105,"column":35},"end":{"line":105,"column":36}},"loc":{"start":{"line":106,"column":16},"end":{"line":114,"column":32}},"line":106}},"branchMap":{"0":{"loc":{"start":{"line":27,"column":12},"end":{"line":27,"column":62}},"type":"binary-expr","locations":[{"start":{"line":27,"column":13},"end":{"line":27,"column":27}},{"start":{"line":27,"column":31},"end":{"line":27,"column":42}},{"start":{"line":27,"column":47},"end":{"line":27,"column":62}}],"line":27},"1":{"loc":{"start":{"line":68,"column":43},"end":{"line":68,"column":94}},"type":"cond-expr","locations":[{"start":{"line":68,"column":65},"end":{"line":68,"column":90}},{"start":{"line":68,"column":93},"end":{"line":68,"column":94}}],"line":68},"2":{"loc":{"start":{"line":81,"column":25},"end":{"line":81,"column":66}},"type":"cond-expr","locations":[{"start":{"line":81,"column":58},"end":{"line":81,"column":61}},{"start":{"line":81,"column":64},"end":{"line":81,"column":66}}],"line":81}},"s":{"0":2,"1":20,"2":81,"3":20,"4":20,"5":20,"6":2,"7":2,"8":2,"9":20,"10":46,"11":20,"12":2,"13":2,"14":20,"15":7,"16":7,"17":28,"18":7,"19":20,"20":2,"21":8,"22":20,"23":6,"24":6,"25":46},"f":{"0":20,"1":81,"2":2,"3":46,"4":2,"5":2,"6":7,"7":28,"8":2,"9":8,"10":6,"11":46},"b":{"0":[81,72,44],"1":[2,6],"2":[20,0]},"_coverageSchema":"1a1c01bbd47fc00a2c39e90264f33305004495a9","hash":"d90d6a70ae981ba6d0ea88b3cc46882bc6975156"}
,"C:\\Users\\wangj\\Desktop\\CISC275\\quizzer_start\\src\\quizzer\\QuizList.tsx": {"path":"C:\\Users\\wangj\\Desktop\\CISC275\\quizzer_start\\src\\quizzer\\QuizList.tsx","statementMap":{"0":{"start":{"line":9,"column":24},"end":{"line":63,"column":1}},"1":{"start":{"line":20,"column":38},"end":{"line":20,"column":67}},"2":{"start":{"line":22,"column":27},"end":{"line":24,"column":5}},"3":{"start":{"line":23,"column":8},"end":{"line":23,"column":25}},"4":{"start":{"line":26,"column":26},"end":{"line":28,"column":5}},"5":{"start":{"line":27,"column":8},"end":{"line":27,"column":27}},"6":{"start":{"line":31,"column":4},"end":{"line":62,"column":6}},"7":{"start":{"line":36,"column":24},"end":{"line":40,"column":36}},"8":{"start":{"line":48,"column":16},"end":{"line":58,"column":17}},"9":{"start":{"line":49,"column":20},"end":{"line":57,"column":22}},"10":{"start":{"line":59,"column":16},"end":{"line":59,"column":28}}},"fnMap":{"0":{"name":"(anonymous_0)","decl":{"start":{"line":9,"column":24},"end":{"line":9,"column":25}},"loc":{"start":{"line":19,"column":6},"end":{"line":63,"column":1}},"line":19},"1":{"name":"(anonymous_1)","decl":{"start":{"line":22,"column":27},"end":{"line":22,"column":28}},"loc":{"start":{"line":22,"column":43},"end":{"line":24,"column":5}},"line":22},"2":{"name":"(anonymous_2)","decl":{"start":{"line":26,"column":26},"end":{"line":26,"column":27}},"loc":{"start":{"line":26,"column":32},"end":{"line":28,"column":5}},"line":26},"3":{"name":"(anonymous_3)","decl":{"start":{"line":35,"column":33},"end":{"line":35,"column":34}},"loc":{"start":{"line":36,"column":24},"end":{"line":40,"column":36}},"line":36},"4":{"name":"(anonymous_4)","decl":{"start":{"line":47,"column":25},"end":{"line":47,"column":26}},"loc":{"start":{"line":47,"column":41},"end":{"line":60,"column":13}},"line":47}},"branchMap":{"0":{"loc":{"start":{"line":33,"column":13},"end":{"line":46,"column":13}},"type":"binary-expr","locations":[{"start":{"line":33,"column":13},"end":{"line":33,"column":23}},{"start":{"line":34,"column":16},"end":{"line":45,"column":19}}],"line":33},"1":{"loc":{"start":{"line":48,"column":16},"end":{"line":58,"column":17}},"type":"if","locations":[{"start":{"line":48,"column":16},"end":{"line":58,"column":17}},{"start":{},"end":{}}],"line":48}},"s":{"0":2,"1":42,"2":42,"3":10,"4":42,"5":1,"6":42,"7":90,"8":210,"9":24,"10":186},"f":{"0":42,"1":10,"2":1,"3":90,"4":210},"b":{"0":[42,18],"1":[24,186]},"_coverageSchema":"1a1c01bbd47fc00a2c39e90264f33305004495a9","hash":"6060d413259191447d73fec5fb03fe339081e6de"}
,"C:\\Users\\wangj\\Desktop\\CISC275\\quizzer_start\\src\\quizzer\\QuizQuestion.tsx": {"path":"C:\\Users\\wangj\\Desktop\\CISC275\\quizzer_start\\src\\quizzer\\QuizQuestion.tsx","statementMap":{"0":{"start":{"line":9,"column":28},"end":{"line":95,"column":1}},"1":{"start":{"line":24,"column":24},"end":{"line":28,"column":5}},"2":{"start":{"line":25,"column":8},"end":{"line":27,"column":9}},"3":{"start":{"line":26,"column":12},"end":{"line":26,"column":57}},"4":{"start":{"line":30,"column":30},"end":{"line":35,"column":5}},"5":{"start":{"line":31,"column":8},"end":{"line":31,"column":28}},"6":{"start":{"line":32,"column":8},"end":{"line":34,"column":9}},"7":{"start":{"line":33,"column":12},"end":{"line":33,"column":25}},"8":{"start":{"line":38,"column":4},"end":{"line":94,"column":6}},"9":{"start":{"line":64,"column":36},"end":{"line":72,"column":38}}},"fnMap":{"0":{"name":"(anonymous_0)","decl":{"start":{"line":9,"column":28},"end":{"line":9,"column":29}},"loc":{"start":{"line":23,"column":6},"end":{"line":95,"column":1}},"line":23},"1":{"name":"(anonymous_1)","decl":{"start":{"line":24,"column":24},"end":{"line":24,"column":25}},"loc":{"start":{"line":24,"column":44},"end":{"line":28,"column":5}},"line":24},"2":{"name":"(anonymous_2)","decl":{"start":{"line":30,"column":30},"end":{"line":30,"column":31}},"loc":{"start":{"line":30,"column":36},"end":{"line":35,"column":5}},"line":30},"3":{"name":"(anonymous_3)","decl":{"start":{"line":63,"column":32},"end":{"line":63,"column":33}},"loc":{"start":{"line":64,"column":36},"end":{"line":72,"column":38}},"line":64}},"branchMap":{"0":{"loc":{"start":{"line":25,"column":8},"end":{"line":27,"column":9}},"type":"if","locations":[{"start":{"line":25,"column":8},"end":{"line":27,"column":9}},{"start":{},"end":{}}],"line":25},"1":{"loc":{"start":{"line":32,"column":8},"end":{"line":34,"column":9}},"type":"if","locations":[{"start":{"line":32,"column":8},"end":{"line":34,"column":9}},{"start":{},"end":{}}],"line":32},"2":{"loc":{"start":{"line":47,"column":45},"end":{"line":47,"column":77}},"type":"cond-expr","locations":[{"start":{"line":47,"column":69},"end":{"line":47,"column":72}},{"start":{"line":47,"column":75},"end":{"line":47,"column":77}}],"line":47},"3":{"loc":{"start":{"line":51,"column":21},"end":{"line":59,"column":21}},"type":"binary-expr","locations":[{"start":{"line":51,"column":21},"end":{"line":51,"column":62}},{"start":{"line":52,"column":24},"end":{"line":58,"column":37}}],"line":51},"4":{"loc":{"start":{"line":60,"column":21},"end":{"line":76,"column":21}},"type":"binary-expr","locations":[{"start":{"line":60,"column":21},"end":{"line":60,"column":65}},{"start":{"line":61,"column":24},"end":{"line":75,"column":30}}],"line":60},"5":{"loc":{"start":{"line":78,"column":39},"end":{"line":78,"column":64}},"type":"cond-expr","locations":[{"start":{"line":78,"column":51},"end":{"line":78,"column":53}},{"start":{"line":78,"column":56},"end":{"line":78,"column":64}}],"line":78},"6":{"loc":{"start":{"line":79,"column":29},"end":{"line":81,"column":37}},"type":"cond-expr","locations":[{"start":{"line":80,"column":34},"end":{"line":80,"column":38}},{"start":{"line":81,"column":34},"end":{"line":81,"column":37}}],"line":79}},"s":{"0":2,"1":46,"2":2,"3":2,"4":46,"5":2,"6":2,"7":2,"8":46,"9":72},"f":{"0":46,"1":2,"2":2,"3":72},"b":{"0":[2,0],"1":[2,0],"2":[3,43],"3":[46,22],"4":[46,24],"5":[2,44],"6":[4,42]},"_coverageSchema":"1a1c01bbd47fc00a2c39e90264f33305004495a9","hash":"9eeea4575d0705c6085cbcd559dfc163b3e3cb2a"}
,"C:\\Users\\wangj\\Desktop\\CISC275\\quizzer_start\\src\\quizzer\\QuizView.tsx": {"path":"C:\\Users\\wangj\\Desktop\\CISC275\\quizzer_start\\src\\quizzer\\QuizView.tsx","statementMap":{"0":{"start":{"line":14,"column":24},"end":{"line":57,"column":2}},"1":{"start":{"line":25,"column":28},"end":{"line":25,"column":43}},"2":{"start":{"line":28,"column":23},"end":{"line":30,"column":5}},"3":{"start":{"line":29,"column":8},"end":{"line":29,"column":23}},"4":{"start":{"line":34,"column":4},"end":{"line":54,"column":6}}},"fnMap":{"0":{"name":"(anonymous_0)","decl":{"start":{"line":14,"column":24},"end":{"line":14,"column":25}},"loc":{"start":{"line":24,"column":6},"end":{"line":57,"column":2}},"line":24},"1":{"name":"(anonymous_1)","decl":{"start":{"line":28,"column":23},"end":{"line":28,"column":24}},"loc":{"start":{"line":28,"column":29},"end":{"line":30,"column":5}},"line":28}},"branchMap":{"0":{"loc":{"start":{"line":36,"column":13},"end":{"line":44,"column":13}},"type":"binary-expr","locations":[{"start":{"line":36,"column":13},"end":{"line":36,"column":17}},{"start":{"line":37,"column":16},"end":{"line":43,"column":28}}],"line":36},"1":{"loc":{"start":{"line":45,"column":13},"end":{"line":52,"column":13}},"type":"binary-expr","locations":[{"start":{"line":45,"column":13},"end":{"line":45,"column":18}},{"start":{"line":46,"column":16},"end":{"line":51,"column":32}}],"line":45}},"s":{"0":2,"1":24,"2":24,"3":11,"4":24},"f":{"0":24,"1":11},"b":{"0":[24,6],"1":[24,18]},"_coverageSchema":"1a1c01bbd47fc00a2c39e90264f33305004495a9","hash":"72024b5d8a171c275b7fbded114e3b323404bf40"}
,"C:\\Users\\wangj\\Desktop\\CISC275\\quizzer_start\\src\\quizzer\\Quizzer.tsx": {"path":"C:\\Users\\wangj\\Desktop\\CISC275\\quizzer_start\\src\\quizzer\\Quizzer.tsx","statementMap":{"0":{"start":{"line":9,"column":16},"end":{"line":20,"column":1}},"1":{"start":{"line":10,"column":21},"end":{"line":19,"column":5}},"2":{"start":{"line":13,"column":30},"end":{"line":17,"column":13}},"3":{"start":{"line":22,"column":23},"end":{"line":122,"column":1}},"4":{"start":{"line":23,"column":34},"end":{"line":23,"column":59}},"5":{"start":{"line":24,"column":44},"end":{"line":24,"column":59}},"6":{"start":{"line":27,"column":8},"end":{"line":29,"column":10}},"7":{"start":{"line":28,"column":44},"end":{"line":28,"column":70}},"8":{"start":{"line":41,"column":30},"end":{"line":47,"column":9}},"9":{"start":{"line":48,"column":8},"end":{"line":48,"column":42}},"10":{"start":{"line":52,"column":8},"end":{"line":52,"column":71}},"11":{"start":{"line":52,"column":56},"end":{"line":52,"column":68}},"12":{"start":{"line":55,"column":28},"end":{"line":55,"column":55}},"13":{"start":{"line":55,"column":34},"end":{"line":55,"column":55}},"14":{"start":{"line":56,"column":29},"end":{"line":56,"column":57}},"15":{"start":{"line":56,"column":35},"end":{"line":56,"column":57}},"16":{"start":{"line":58,"column":4},"end":{"line":121,"column":6}}},"fnMap":{"0":{"name":"(anonymous_0)","decl":{"start":{"line":10,"column":4},"end":{"line":10,"column":5}},"loc":{"start":{"line":10,"column":21},"end":{"line":19,"column":5}},"line":10},"1":{"name":"(anonymous_1)","decl":{"start":{"line":13,"column":12},"end":{"line":13,"column":13}},"loc":{"start":{"line":13,"column":30},"end":{"line":17,"column":13}},"line":13},"2":{"name":"(anonymous_2)","decl":{"start":{"line":22,"column":23},"end":{"line":22,"column":24}},"loc":{"start":{"line":22,"column":29},"end":{"line":122,"column":1}},"line":22},"3":{"name":"editQuiz","decl":{"start":{"line":26,"column":13},"end":{"line":26,"column":21}},"loc":{"start":{"line":26,"column":50},"end":{"line":30,"column":5}},"line":26},"4":{"name":"(anonymous_4)","decl":{"start":{"line":28,"column":24},"end":{"line":28,"column":25}},"loc":{"start":{"line":28,"column":44},"end":{"line":28,"column":70}},"line":28},"5":{"name":"addQuiz","decl":{"start":{"line":40,"column":13},"end":{"line":40,"column":20}},"loc":{"start":{"line":40,"column":50},"end":{"line":49,"column":5}},"line":40},"6":{"name":"deleteQuiz","decl":{"start":{"line":51,"column":13},"end":{"line":51,"column":23}},"loc":{"start":{"line":51,"column":37},"end":{"line":53,"column":5}},"line":51},"7":{"name":"(anonymous_7)","decl":{"start":{"line":52,"column":34},"end":{"line":52,"column":35}},"loc":{"start":{"line":52,"column":56},"end":{"line":52,"column":68}},"line":52},"8":{"name":"(anonymous_8)","decl":{"start":{"line":55,"column":28},"end":{"line":55,"column":29}},"loc":{"start":{"line":55,"column":34},"end":{"line":55,"column":55}},"line":55},"9":{"name":"(anonymous_9)","decl":{"start":{"line":56,"column":29},"end":{"line":56,"column":30}},"loc":{"start":{"line":56,"column":35},"end":{"line":56,"column":57}},"line":56}},"branchMap":{"0":{"loc":{"start":{"line":28,"column":44},"end":{"line":28,"column":70}},"type":"cond-expr","locations":[{"start":{"line":28,"column":59},"end":{"line":28,"column":66}},{"start":{"line":28,"column":69},"end":{"line":28,"column":70}}],"line":28}},"s":{"0":2,"1":10,"2":40,"3":2,"4":32,"5":32,"6":14,"7":70,"8":1,"9":1,"10":1,"11":5,"12":32,"13":1,"14":32,"15":1,"16":32},"f":{"0":10,"1":40,"2":32,"3":14,"4":70,"5":1,"6":1,"7":5,"8":1,"9":1},"b":{"0":[14,56]},"_coverageSchema":"1a1c01bbd47fc00a2c39e90264f33305004495a9","hash":"bd52cfd89b0265bb28f965867c84dbc9dabed3eb"}
}
