TN:
SF:src\App.tsx
FN:7,App
FN:15,(anonymous_1)
FNF:2
FNH:0
FNDA:0,App
FNDA:0,(anonymous_1)
DA:8,0
DA:10,0
DA:16,0
LF:3
LH:0
BRDA:19,0,0,0
BRDA:19,0,1,0
BRDA:22,1,0,0
BRDA:22,1,1,0
BRF:4
BRH:0
end_of_record
TN:
SF:src\interfaces\question.ts
FNF:0
FNH:0
LF:0
LH:0
BRF:0
BRH:0
end_of_record
TN:
SF:src\interfaces\quiz.ts
FNF:0
FNH:0
LF:0
LH:0
BRF:0
BRH:0
end_of_record
TN:
SF:src\quizzer\AddQuizModal.tsx
FN:9,(anonymous_0)
FN:21,(anonymous_1)
FN:40,(anonymous_2)
FN:49,(anonymous_3)
FN:58,(anonymous_4)
FNF:5
FNH:2
FNDA:24,(anonymous_0)
FNDA:1,(anonymous_1)
FNDA:0,(anonymous_2)
FNDA:0,(anonymous_3)
FNDA:0,(anonymous_4)
DA:9,1
DA:17,24
DA:19,24
DA:21,24
DA:22,1
DA:23,1
DA:24,1
DA:25,1
DA:29,24
DA:42,0
DA:51,0
DA:59,0
DA:60,0
DA:61,0
LF:14
LH:9
BRF:0
BRH:0
end_of_record
TN:
SF:src\quizzer\QuestionEdit.tsx
FN:11,(anonymous_0)
FN:20,(anonymous_1)
FN:23,(anonymous_2)
FN:35,(anonymous_3)
FN:45,(anonymous_4)
FN:50,(anonymous_5)
FN:63,(anonymous_6)
FN:87,(anonymous_7)
FN:160,(anonymous_8)
FN:175,(anonymous_9)
FN:194,(anonymous_10)
FN:214,(anonymous_11)
FN:223,(anonymous_12)
FN:239,(anonymous_13)
FN:248,(anonymous_14)
FNF:15
FNH:0
FNDA:0,(anonymous_0)
FNDA:0,(anonymous_1)
FNDA:0,(anonymous_2)
FNDA:0,(anonymous_3)
FNDA:0,(anonymous_4)
FNDA:0,(anonymous_5)
FNDA:0,(anonymous_6)
FNDA:0,(anonymous_7)
FNDA:0,(anonymous_8)
FNDA:0,(anonymous_9)
FNDA:0,(anonymous_10)
FNDA:0,(anonymous_11)
FNDA:0,(anonymous_12)
FNDA:0,(anonymous_13)
FNDA:0,(anonymous_14)
DA:11,1
DA:19,0
DA:20,0
DA:23,0
DA:24,0
DA:26,0
DA:27,0
DA:35,0
DA:36,0
DA:37,0
DA:45,0
DA:46,0
DA:47,0
DA:50,0
DA:54,0
DA:55,0
DA:56,0
DA:63,0
DA:64,0
DA:65,0
DA:66,0
DA:73,0
DA:90,0
DA:163,0
DA:176,0
DA:197,0
DA:215,0
DA:224,0
DA:240,0
DA:249,0
LF:30
LH:1
BRDA:26,0,0,0
BRDA:26,0,1,0
BRDA:59,1,0,0
BRDA:59,1,1,0
BRDA:109,2,0,0
BRDA:109,2,1,0
BRDA:140,3,0,0
BRDA:140,3,1,0
BRDA:155,4,0,0
BRDA:155,4,1,0
BRDA:171,5,0,0
BRDA:171,5,1,0
BRF:12
BRH:0
end_of_record
TN:
SF:src\quizzer\QuizCard.tsx
FN:8,(anonymous_0)
FN:13,(anonymous_1)
FN:22,(anonymous_2)
FNF:3
FNH:3
FNDA:81,(anonymous_0)
FNDA:320,(anonymous_1)
FNDA:10,(anonymous_2)
DA:8,1
DA:12,81
DA:14,320
DA:17,81
DA:23,10
LF:5
LH:5
BRDA:14,0,0,320
BRDA:14,0,1,272
BRDA:14,0,2,144
BRDA:30,1,0,81
BRDA:30,1,1,0
BRF:5
BRH:4
end_of_record
TN:
SF:src\quizzer\QuizEdit.tsx
FN:12,(anonymous_0)
FN:26,(anonymous_1)
FN:30,(anonymous_2)
FN:36,(anonymous_3)
FN:39,(anonymous_4)
FN:44,(anonymous_5)
FN:49,(anonymous_6)
FN:53,(anonymous_7)
FN:72,(anonymous_8)
FN:89,(anonymous_9)
FN:104,(anonymous_10)
FN:112,(anonymous_11)
FN:128,(anonymous_12)
FN:154,(anonymous_13)
FN:167,(anonymous_14)
FNF:15
FNH:0
FNDA:0,(anonymous_0)
FNDA:0,(anonymous_1)
FNDA:0,(anonymous_2)
FNDA:0,(anonymous_3)
FNDA:0,(anonymous_4)
FNDA:0,(anonymous_5)
FNDA:0,(anonymous_6)
FNDA:0,(anonymous_7)
FNDA:0,(anonymous_8)
FNDA:0,(anonymous_9)
FNDA:0,(anonymous_10)
FNDA:0,(anonymous_11)
FNDA:0,(anonymous_12)
FNDA:0,(anonymous_13)
FNDA:0,(anonymous_14)
DA:12,1
DA:24,0
DA:26,0
DA:27,0
DA:30,0
DA:36,0
DA:37,0
DA:39,0
DA:44,0
DA:45,0
DA:49,0
DA:50,0
DA:54,0
DA:55,0
DA:56,0
DA:63,0
DA:75,0
DA:92,0
DA:105,0
DA:113,0
DA:129,0
DA:155,0
DA:156,0
DA:168,0
DA:169,0
LF:25
LH:1
BRDA:30,0,0,0
BRDA:30,0,1,0
BRDA:54,1,0,0
BRDA:54,1,1,0
BRDA:55,2,0,0
BRDA:55,2,1,0
BRF:6
BRH:0
end_of_record
TN:
SF:src\quizzer\QuizExpanded.tsx
FN:11,(anonymous_0)
FN:18,(anonymous_1)
FN:27,(anonymous_2)
FN:35,(anonymous_3)
FN:39,(anonymous_4)
FN:40,(anonymous_5)
FN:43,(anonymous_6)
FN:48,(anonymous_7)
FN:56,(anonymous_8)
FN:59,(anonymous_9)
FN:79,(anonymous_10)
FN:96,(anonymous_11)
FNF:12
FNH:10
FNDA:19,(anonymous_0)
FNDA:76,(anonymous_1)
FNDA:1,(anonymous_2)
FNDA:38,(anonymous_3)
FNDA:0,(anonymous_4)
FNDA:0,(anonymous_5)
FNDA:6,(anonymous_6)
FNDA:24,(anonymous_7)
FNDA:2,(anonymous_8)
FNDA:8,(anonymous_9)
FNDA:6,(anonymous_10)
FNDA:38,(anonymous_11)
DA:11,1
DA:17,19
DA:19,76
DA:22,19
DA:23,19
DA:27,19
DA:28,1
DA:29,1
DA:30,1
DA:34,19
DA:35,38
DA:39,19
DA:40,0
DA:43,19
DA:44,6
DA:45,6
DA:48,24
DA:52,6
DA:56,19
DA:57,2
DA:59,8
DA:65,19
DA:80,6
DA:81,6
DA:97,38
LF:25
LH:24
BRDA:19,0,0,76
BRDA:19,0,1,76
BRDA:19,0,2,38
BRDA:72,1,0,19
BRDA:72,1,1,0
BRF:5
BRH:4
end_of_record
TN:
SF:src\quizzer\QuizList.tsx
FN:10,(anonymous_0)
FN:22,(anonymous_1)
FN:26,(anonymous_2)
FN:34,(anonymous_3)
FN:46,(anonymous_4)
FNF:5
FNH:4
FNDA:34,(anonymous_0)
FNDA:10,(anonymous_1)
FNDA:0,(anonymous_2)
FNDA:81,(anonymous_3)
FNDA:171,(anonymous_4)
DA:10,1
DA:20,34
DA:22,34
DA:23,10
DA:26,34
DA:27,0
DA:30,34
DA:35,81
DA:47,171
DA:48,18
LF:10
LH:9
BRDA:32,0,0,34
BRDA:32,0,1,16
BRDA:47,1,0,18
BRDA:47,1,1,153
BRF:4
BRH:4
end_of_record
TN:
SF:src\quizzer\QuizQuestion.tsx
FN:9,(anonymous_0)
FN:17,(anonymous_1)
FN:23,(anonymous_2)
FN:56,(anonymous_3)
FNF:4
FNH:4
FNDA:38,(anonymous_0)
FNDA:2,(anonymous_1)
FNDA:1,(anonymous_2)
FNDA:57,(anonymous_3)
DA:9,1
DA:17,38
DA:18,2
DA:19,2
DA:23,38
DA:24,1
DA:25,1
DA:26,0
DA:31,38
DA:57,57
LF:10
LH:9
BRDA:18,0,0,2
BRDA:18,0,1,0
BRDA:25,1,0,0
BRDA:25,1,1,1
BRDA:40,2,0,0
BRDA:40,2,1,38
BRDA:44,3,0,38
BRDA:44,3,1,19
BRDA:53,4,0,38
BRDA:53,4,1,19
BRDA:71,5,0,1
BRDA:71,5,1,37
BRDA:72,6,0,0
BRDA:72,6,1,38
BRF:14
BRH:10
end_of_record
TN:
SF:src\quizzer\QuizView.tsx
FN:15,(anonymous_0)
FN:28,(anonymous_1)
FNF:2
FNH:2
FNDA:18,(anonymous_0)
FNDA:6,(anonymous_1)
DA:15,1
DA:26,18
DA:28,18
DA:29,6
DA:34,18
LF:5
LH:5
BRDA:36,0,0,18
BRDA:36,0,1,0
BRDA:45,1,0,18
BRDA:45,1,1,18
BRF:4
BRH:3
end_of_record
TN:
SF:src\quizzer\Quizzer.tsx
FN:10,(anonymous_0)
FN:13,(anonymous_1)
FN:22,(anonymous_2)
FN:26,editQuiz
FN:28,(anonymous_4)
FN:40,addQuiz
FN:51,deleteQuiz
FN:52,(anonymous_7)
FN:55,(anonymous_8)
FN:56,(anonymous_9)
FNF:10
FNH:8
FNDA:5,(anonymous_0)
FNDA:20,(anonymous_1)
FNDA:24,(anonymous_2)
FNDA:8,editQuiz
FNDA:40,(anonymous_4)
FNDA:1,addQuiz
FNDA:0,deleteQuiz
FNDA:0,(anonymous_7)
FNDA:1,(anonymous_8)
FNDA:1,(anonymous_9)
DA:9,1
DA:10,5
DA:13,20
DA:22,1
DA:23,24
DA:24,24
DA:27,8
DA:28,40
DA:41,1
DA:48,1
DA:52,0
DA:55,24
DA:56,24
DA:58,24
LF:14
LH:13
BRDA:28,0,0,8
BRDA:28,0,1,32
BRF:2
BRH:2
end_of_record
