TN:
SF:src\App.tsx
FN:7,App
FN:15,(anonymous_1)
FNF:2
FNH:1
FNDA:1,App
FNDA:0,(anonymous_1)
DA:8,1
DA:10,1
DA:16,0
LF:3
LH:2
BRDA:19,0,0,1
BRDA:19,0,1,0
BRDA:22,1,0,1
BRDA:22,1,1,0
BRF:4
BRH:2
end_of_record
TN:
SF:src\interfaces\question.ts
FNF:0
FNH:0
LF:0
LH:0
BRF:0
BRH:0
end_of_record
TN:
SF:src\interfaces\quiz.ts
FNF:0
FNH:0
LF:0
LH:0
BRF:0
BRH:0
end_of_record
TN:
SF:src\quizzer\AddQuizModal.tsx
FN:9,(anonymous_0)
FN:22,(anonymous_1)
FN:41,(anonymous_2)
FN:50,(anonymous_3)
FN:59,(anonymous_4)
FNF:5
FNH:2
FNDA:26,(anonymous_0)
FNDA:1,(anonymous_1)
FNDA:0,(anonymous_2)
FNDA:0,(anonymous_3)
FNDA:0,(anonymous_4)
DA:9,2
DA:18,26
DA:20,26
DA:22,26
DA:23,1
DA:24,1
DA:25,1
DA:26,1
DA:30,26
DA:43,0
DA:52,0
DA:60,0
DA:61,0
DA:62,0
LF:14
LH:9
BRF:0
BRH:0
end_of_record
TN:
SF:src\quizzer\QuestionEdit.tsx
FN:18,(anonymous_0)
FN:34,(anonymous_1)
FN:37,(anonymous_2)
FN:49,(anonymous_3)
FN:60,(anonymous_4)
FN:65,(anonymous_5)
FN:78,(anonymous_6)
FN:102,(anonymous_7)
FN:175,(anonymous_8)
FN:190,(anonymous_9)
FN:209,(anonymous_10)
FN:229,(anonymous_11)
FN:238,(anonymous_12)
FN:254,(anonymous_13)
FN:263,(anonymous_14)
FNF:15
FNH:0
FNDA:0,(anonymous_0)
FNDA:0,(anonymous_1)
FNDA:0,(anonymous_2)
FNDA:0,(anonymous_3)
FNDA:0,(anonymous_4)
FNDA:0,(anonymous_5)
FNDA:0,(anonymous_6)
FNDA:0,(anonymous_7)
FNDA:0,(anonymous_8)
FNDA:0,(anonymous_9)
FNDA:0,(anonymous_10)
FNDA:0,(anonymous_11)
FNDA:0,(anonymous_12)
FNDA:0,(anonymous_13)
FNDA:0,(anonymous_14)
DA:18,2
DA:33,0
DA:34,0
DA:37,0
DA:38,0
DA:40,0
DA:41,0
DA:49,0
DA:50,0
DA:51,0
DA:60,0
DA:61,0
DA:62,0
DA:65,0
DA:69,0
DA:70,0
DA:71,0
DA:78,0
DA:79,0
DA:80,0
DA:81,0
DA:88,0
DA:105,0
DA:178,0
DA:191,0
DA:212,0
DA:230,0
DA:239,0
DA:255,0
DA:264,0
LF:30
LH:1
BRDA:40,0,0,0
BRDA:40,0,1,0
BRDA:74,1,0,0
BRDA:74,1,1,0
BRDA:124,2,0,0
BRDA:124,2,1,0
BRDA:155,3,0,0
BRDA:155,3,1,0
BRDA:170,4,0,0
BRDA:170,4,1,0
BRDA:186,5,0,0
BRDA:186,5,1,0
BRF:12
BRH:0
end_of_record
TN:
SF:src\quizzer\QuizCard.tsx
FN:10,(anonymous_0)
FN:18,(anonymous_1)
FN:27,(anonymous_2)
FNF:3
FNH:3
FNDA:86,(anonymous_0)
FNDA:340,(anonymous_1)
FNDA:10,(anonymous_2)
DA:10,2
DA:17,86
DA:19,340
DA:22,86
DA:28,10
LF:5
LH:5
BRDA:19,0,0,340
BRDA:19,0,1,289
BRDA:19,0,2,153
BRDA:35,1,0,86
BRDA:35,1,1,0
BRF:5
BRH:4
end_of_record
TN:
SF:src\quizzer\QuizEdit.tsx
FN:11,(anonymous_0)
FN:26,(anonymous_1)
FN:30,(anonymous_2)
FN:36,(anonymous_3)
FN:39,(anonymous_4)
FN:44,(anonymous_5)
FN:49,(anonymous_6)
FN:53,(anonymous_7)
FN:72,(anonymous_8)
FN:89,(anonymous_9)
FN:104,(anonymous_10)
FN:112,(anonymous_11)
FN:128,(anonymous_12)
FN:154,(anonymous_13)
FN:167,(anonymous_14)
FNF:15
FNH:0
FNDA:0,(anonymous_0)
FNDA:0,(anonymous_1)
FNDA:0,(anonymous_2)
FNDA:0,(anonymous_3)
FNDA:0,(anonymous_4)
FNDA:0,(anonymous_5)
FNDA:0,(anonymous_6)
FNDA:0,(anonymous_7)
FNDA:0,(anonymous_8)
FNDA:0,(anonymous_9)
FNDA:0,(anonymous_10)
FNDA:0,(anonymous_11)
FNDA:0,(anonymous_12)
FNDA:0,(anonymous_13)
FNDA:0,(anonymous_14)
DA:11,2
DA:24,0
DA:26,0
DA:27,0
DA:30,0
DA:36,0
DA:37,0
DA:39,0
DA:44,0
DA:45,0
DA:49,0
DA:50,0
DA:54,0
DA:55,0
DA:56,0
DA:63,0
DA:75,0
DA:92,0
DA:105,0
DA:113,0
DA:129,0
DA:155,0
DA:156,0
DA:168,0
DA:169,0
LF:25
LH:1
BRDA:30,0,0,0
BRDA:30,0,1,0
BRDA:54,1,0,0
BRDA:54,1,1,0
BRDA:55,2,0,0
BRDA:55,2,1,0
BRF:6
BRH:0
end_of_record
TN:
SF:src\quizzer\QuizExpanded.tsx
FN:10,(anonymous_0)
FN:17,(anonymous_1)
FN:26,(anonymous_2)
FN:34,(anonymous_3)
FN:38,(anonymous_4)
FN:39,(anonymous_5)
FN:42,(anonymous_6)
FN:47,(anonymous_7)
FN:55,(anonymous_8)
FN:59,(anonymous_9)
FN:79,(anonymous_10)
FN:96,(anonymous_11)
FNF:12
FNH:12
FNDA:21,(anonymous_0)
FNDA:84,(anonymous_1)
FNDA:2,(anonymous_2)
FNDA:42,(anonymous_3)
FNDA:2,(anonymous_4)
FNDA:2,(anonymous_5)
FNDA:7,(anonymous_6)
FNDA:28,(anonymous_7)
FNDA:2,(anonymous_8)
FNDA:8,(anonymous_9)
FNDA:6,(anonymous_10)
FNDA:42,(anonymous_11)
DA:10,2
DA:16,21
DA:18,84
DA:21,21
DA:22,21
DA:26,21
DA:27,2
DA:28,2
DA:29,2
DA:33,21
DA:34,42
DA:38,21
DA:39,2
DA:42,21
DA:43,7
DA:44,7
DA:47,28
DA:51,7
DA:55,21
DA:56,2
DA:59,8
DA:65,21
DA:80,6
DA:81,6
DA:97,42
LF:25
LH:25
BRDA:18,0,0,84
BRDA:18,0,1,84
BRDA:18,0,2,42
BRDA:59,1,0,2
BRDA:59,1,1,6
BRDA:72,2,0,21
BRDA:72,2,1,0
BRF:7
BRH:6
end_of_record
TN:
SF:src\quizzer\QuizList.tsx
FN:9,(anonymous_0)
FN:22,(anonymous_1)
FN:26,(anonymous_2)
FN:34,(anonymous_3)
FN:46,(anonymous_4)
FNF:5
FNH:4
FNDA:36,(anonymous_0)
FNDA:10,(anonymous_1)
FNDA:0,(anonymous_2)
FNDA:86,(anonymous_3)
FNDA:181,(anonymous_4)
DA:9,2
DA:20,36
DA:22,36
DA:23,10
DA:26,36
DA:27,0
DA:30,36
DA:35,86
DA:47,181
DA:48,19
LF:10
LH:9
BRDA:32,0,0,36
BRDA:32,0,1,17
BRDA:47,1,0,19
BRDA:47,1,1,162
BRF:4
BRH:4
end_of_record
TN:
SF:src\quizzer\QuizQuestion.tsx
FN:9,(anonymous_0)
FN:24,(anonymous_1)
FN:30,(anonymous_2)
FN:63,(anonymous_3)
FNF:4
FNH:4
FNDA:42,(anonymous_0)
FNDA:2,(anonymous_1)
FNDA:2,(anonymous_2)
FNDA:63,(anonymous_3)
DA:9,2
DA:24,42
DA:25,2
DA:26,2
DA:30,42
DA:31,2
DA:32,2
DA:33,2
DA:38,42
DA:64,63
LF:10
LH:10
BRDA:25,0,0,2
BRDA:25,0,1,0
BRDA:32,1,0,2
BRDA:32,1,1,0
BRDA:47,2,0,0
BRDA:47,2,1,42
BRDA:51,3,0,42
BRDA:51,3,1,21
BRDA:60,4,0,42
BRDA:60,4,1,21
BRDA:78,5,0,2
BRDA:78,5,1,40
BRDA:79,6,0,4
BRDA:79,6,1,38
BRF:14
BRH:11
end_of_record
TN:
SF:src\quizzer\QuizView.tsx
FN:14,(anonymous_0)
FN:27,(anonymous_1)
FNF:2
FNH:2
FNDA:19,(anonymous_0)
FNDA:6,(anonymous_1)
DA:14,2
DA:25,19
DA:27,19
DA:28,6
DA:33,19
LF:5
LH:5
BRDA:35,0,0,19
BRDA:35,0,1,0
BRDA:44,1,0,19
BRDA:44,1,1,19
BRF:4
BRH:3
end_of_record
TN:
SF:src\quizzer\Quizzer.tsx
FN:10,(anonymous_0)
FN:13,(anonymous_1)
FN:22,(anonymous_2)
FN:26,editQuiz
FN:28,(anonymous_4)
FN:40,addQuiz
FN:51,deleteQuiz
FN:52,(anonymous_7)
FN:55,(anonymous_8)
FN:56,(anonymous_9)
FNF:10
FNH:8
FNDA:10,(anonymous_0)
FNDA:40,(anonymous_1)
FNDA:26,(anonymous_2)
FNDA:9,editQuiz
FNDA:45,(anonymous_4)
FNDA:1,addQuiz
FNDA:0,deleteQuiz
FNDA:0,(anonymous_7)
FNDA:1,(anonymous_8)
FNDA:1,(anonymous_9)
DA:9,2
DA:10,10
DA:13,40
DA:22,2
DA:23,26
DA:24,26
DA:27,9
DA:28,45
DA:41,1
DA:48,1
DA:52,0
DA:55,26
DA:56,26
DA:58,26
LF:14
LH:13
BRDA:28,0,0,9
BRDA:28,0,1,36
BRF:2
BRH:2
end_of_record
